[0.010s] Invoking command in '/home/ak47k98/PycharmProjects/ros2_v8/build/ros2_yolo_msgs': CONDA_PROMPT_MODIFIER=(yolov8_10) /usr/bin/cmake --build /home/ak47k98/PycharmProjects/ros2_v8/build/ros2_yolo_msgs -- -j32 -l32
[0.052s] [  3%] Built target ros2_yolo_msgs__cpp
[0.052s] [ 12%] Built target ros2_yolo_msgs__rosidl_generator_c
[0.061s] [ 12%] Built target ament_cmake_python_copy_ros2_yolo_msgs
[0.070s] [ 22%] Built target ros2_yolo_msgs__rosidl_typesupport_fastrtps_cpp
[0.070s] [ 32%] Built target ros2_yolo_msgs__rosidl_typesupport_cpp
[0.071s] [ 41%] Built target ros2_yolo_msgs__rosidl_typesupport_introspection_cpp
[0.079s] [ 58%] Built target ros2_yolo_msgs__rosidl_typesupport_c
[0.079s] [ 61%] Built target ros2_yolo_msgs__rosidl_typesupport_fastrtps_c
[0.080s] [ 70%] Built target ros2_yolo_msgs__rosidl_typesupport_introspection_c
[0.098s] [ 70%] Built target ros2_yolo_msgs
[0.118s] [ 74%] Built target ros2_yolo_msgs__py
[0.134s] [ 80%] Built target ros2_yolo_msgs__rosidl_generator_py
[0.154s] [ 87%] Built target ros2_yolo_msgs__rosidl_typesupport_fastrtps_c__pyext
[0.154s] [100%] Built target ros2_yolo_msgs__rosidl_typesupport_c__pyext
[0.154s] [100%] Built target ros2_yolo_msgs__rosidl_typesupport_introspection_c__pyext
[0.182s] running egg_info
[0.188s] writing ros2_yolo_msgs.egg-info/PKG-INFO
[0.188s] writing dependency_links to ros2_yolo_msgs.egg-info/dependency_links.txt
[0.188s] writing top-level names to ros2_yolo_msgs.egg-info/top_level.txt
[0.205s] reading manifest file 'ros2_yolo_msgs.egg-info/SOURCES.txt'
[0.206s] writing manifest file 'ros2_yolo_msgs.egg-info/SOURCES.txt'
[0.228s] [100%] Built target ament_cmake_python_build_ros2_yolo_msgs_egg
[0.240s] Invoked command in '/home/ak47k98/PycharmProjects/ros2_v8/build/ros2_yolo_msgs' returned '0': CONDA_PROMPT_MODIFIER=(yolov8_10) /usr/bin/cmake --build /home/ak47k98/PycharmProjects/ros2_v8/build/ros2_yolo_msgs -- -j32 -l32
[0.350s] Invoking command in '/home/ak47k98/PycharmProjects/ros2_v8/build/ros2_yolo_msgs': CONDA_PROMPT_MODIFIER=(yolov8_10) /usr/bin/cmake --install /home/ak47k98/PycharmProjects/ros2_v8/build/ros2_yolo_msgs
[0.356s] -- Install configuration: ""
[0.356s] -- Up-to-date: /home/ak47k98/PycharmProjects/ros2_v8/install/ros2_yolo_msgs/share/ament_index/resource_index/rosidl_interfaces/ros2_yolo_msgs
[0.356s] -- Up-to-date: /home/ak47k98/PycharmProjects/ros2_v8/install/ros2_yolo_msgs/include/ros2_yolo_msgs/ros2_yolo_msgs
[0.356s] -- Up-to-date: /home/ak47k98/PycharmProjects/ros2_v8/install/ros2_yolo_msgs/include/ros2_yolo_msgs/ros2_yolo_msgs/msg
[0.356s] -- Up-to-date: /home/ak47k98/PycharmProjects/ros2_v8/install/ros2_yolo_msgs/include/ros2_yolo_msgs/ros2_yolo_msgs/msg/detected_box.h
[0.356s] -- Up-to-date: /home/ak47k98/PycharmProjects/ros2_v8/install/ros2_yolo_msgs/include/ros2_yolo_msgs/ros2_yolo_msgs/msg/rosidl_generator_c__visibility_control.h
[0.356s] -- Up-to-date: /home/ak47k98/PycharmProjects/ros2_v8/install/ros2_yolo_msgs/include/ros2_yolo_msgs/ros2_yolo_msgs/msg/detail
[0.356s] -- Up-to-date: /home/ak47k98/PycharmProjects/ros2_v8/install/ros2_yolo_msgs/include/ros2_yolo_msgs/ros2_yolo_msgs/msg/detail/detected_box__functions.c
[0.356s] -- Up-to-date: /home/ak47k98/PycharmProjects/ros2_v8/install/ros2_yolo_msgs/include/ros2_yolo_msgs/ros2_yolo_msgs/msg/detail/detected_box__struct.h
[0.356s] -- Up-to-date: /home/ak47k98/PycharmProjects/ros2_v8/install/ros2_yolo_msgs/include/ros2_yolo_msgs/ros2_yolo_msgs/msg/detail/detected_box__type_support.h
[0.356s] -- Up-to-date: /home/ak47k98/PycharmProjects/ros2_v8/install/ros2_yolo_msgs/include/ros2_yolo_msgs/ros2_yolo_msgs/msg/detail/detected_box__functions.h
[0.356s] -- Up-to-date: /home/ak47k98/PycharmProjects/ros2_v8/install/ros2_yolo_msgs/share/ros2_yolo_msgs/environment/library_path.sh
[0.356s] -- Up-to-date: /home/ak47k98/PycharmProjects/ros2_v8/install/ros2_yolo_msgs/share/ros2_yolo_msgs/environment/library_path.dsv
[0.356s] -- Up-to-date: /home/ak47k98/PycharmProjects/ros2_v8/install/ros2_yolo_msgs/lib/libros2_yolo_msgs__rosidl_generator_c.so
[0.356s] -- Up-to-date: /home/ak47k98/PycharmProjects/ros2_v8/install/ros2_yolo_msgs/include/ros2_yolo_msgs/ros2_yolo_msgs
[0.356s] -- Up-to-date: /home/ak47k98/PycharmProjects/ros2_v8/install/ros2_yolo_msgs/include/ros2_yolo_msgs/ros2_yolo_msgs/msg
[0.356s] -- Up-to-date: /home/ak47k98/PycharmProjects/ros2_v8/install/ros2_yolo_msgs/include/ros2_yolo_msgs/ros2_yolo_msgs/msg/rosidl_typesupport_fastrtps_c__visibility_control.h
[0.356s] -- Up-to-date: /home/ak47k98/PycharmProjects/ros2_v8/install/ros2_yolo_msgs/include/ros2_yolo_msgs/ros2_yolo_msgs/msg/detail
[0.356s] -- Up-to-date: /home/ak47k98/PycharmProjects/ros2_v8/install/ros2_yolo_msgs/include/ros2_yolo_msgs/ros2_yolo_msgs/msg/detail/detected_box__rosidl_typesupport_fastrtps_c.h
[0.356s] -- Up-to-date: /home/ak47k98/PycharmProjects/ros2_v8/install/ros2_yolo_msgs/lib/libros2_yolo_msgs__rosidl_typesupport_fastrtps_c.so
[0.356s] -- Up-to-date: /home/ak47k98/PycharmProjects/ros2_v8/install/ros2_yolo_msgs/include/ros2_yolo_msgs/ros2_yolo_msgs
[0.356s] -- Up-to-date: /home/ak47k98/PycharmProjects/ros2_v8/install/ros2_yolo_msgs/include/ros2_yolo_msgs/ros2_yolo_msgs/msg
[0.356s] -- Up-to-date: /home/ak47k98/PycharmProjects/ros2_v8/install/ros2_yolo_msgs/include/ros2_yolo_msgs/ros2_yolo_msgs/msg/rosidl_typesupport_introspection_c__visibility_control.h
[0.356s] -- Up-to-date: /home/ak47k98/PycharmProjects/ros2_v8/install/ros2_yolo_msgs/include/ros2_yolo_msgs/ros2_yolo_msgs/msg/detail
[0.356s] -- Up-to-date: /home/ak47k98/PycharmProjects/ros2_v8/install/ros2_yolo_msgs/include/ros2_yolo_msgs/ros2_yolo_msgs/msg/detail/detected_box__rosidl_typesupport_introspection_c.h
[0.356s] -- Up-to-date: /home/ak47k98/PycharmProjects/ros2_v8/install/ros2_yolo_msgs/include/ros2_yolo_msgs/ros2_yolo_msgs/msg/detail/detected_box__type_support.c
[0.356s] -- Up-to-date: /home/ak47k98/PycharmProjects/ros2_v8/install/ros2_yolo_msgs/lib/libros2_yolo_msgs__rosidl_typesupport_introspection_c.so
[0.356s] -- Up-to-date: /home/ak47k98/PycharmProjects/ros2_v8/install/ros2_yolo_msgs/lib/libros2_yolo_msgs__rosidl_typesupport_c.so
[0.356s] -- Up-to-date: /home/ak47k98/PycharmProjects/ros2_v8/install/ros2_yolo_msgs/include/ros2_yolo_msgs/ros2_yolo_msgs
[0.357s] -- Up-to-date: /home/ak47k98/PycharmProjects/ros2_v8/install/ros2_yolo_msgs/include/ros2_yolo_msgs/ros2_yolo_msgs/msg
[0.357s] -- Up-to-date: /home/ak47k98/PycharmProjects/ros2_v8/install/ros2_yolo_msgs/include/ros2_yolo_msgs/ros2_yolo_msgs/msg/detected_box.hpp
[0.357s] -- Up-to-date: /home/ak47k98/PycharmProjects/ros2_v8/install/ros2_yolo_msgs/include/ros2_yolo_msgs/ros2_yolo_msgs/msg/detail
[0.357s] -- Up-to-date: /home/ak47k98/PycharmProjects/ros2_v8/install/ros2_yolo_msgs/include/ros2_yolo_msgs/ros2_yolo_msgs/msg/detail/detected_box__struct.hpp
[0.357s] -- Up-to-date: /home/ak47k98/PycharmProjects/ros2_v8/install/ros2_yolo_msgs/include/ros2_yolo_msgs/ros2_yolo_msgs/msg/detail/detected_box__traits.hpp
[0.357s] -- Up-to-date: /home/ak47k98/PycharmProjects/ros2_v8/install/ros2_yolo_msgs/include/ros2_yolo_msgs/ros2_yolo_msgs/msg/detail/detected_box__builder.hpp
[0.357s] -- Up-to-date: /home/ak47k98/PycharmProjects/ros2_v8/install/ros2_yolo_msgs/include/ros2_yolo_msgs/ros2_yolo_msgs
[0.357s] -- Up-to-date: /home/ak47k98/PycharmProjects/ros2_v8/install/ros2_yolo_msgs/include/ros2_yolo_msgs/ros2_yolo_msgs/msg
[0.357s] -- Up-to-date: /home/ak47k98/PycharmProjects/ros2_v8/install/ros2_yolo_msgs/include/ros2_yolo_msgs/ros2_yolo_msgs/msg/rosidl_typesupport_fastrtps_cpp__visibility_control.h
[0.357s] -- Up-to-date: /home/ak47k98/PycharmProjects/ros2_v8/install/ros2_yolo_msgs/include/ros2_yolo_msgs/ros2_yolo_msgs/msg/detail
[0.357s] -- Up-to-date: /home/ak47k98/PycharmProjects/ros2_v8/install/ros2_yolo_msgs/include/ros2_yolo_msgs/ros2_yolo_msgs/msg/detail/dds_fastrtps
[0.357s] -- Up-to-date: /home/ak47k98/PycharmProjects/ros2_v8/install/ros2_yolo_msgs/include/ros2_yolo_msgs/ros2_yolo_msgs/msg/detail/detected_box__rosidl_typesupport_fastrtps_cpp.hpp
[0.357s] -- Up-to-date: /home/ak47k98/PycharmProjects/ros2_v8/install/ros2_yolo_msgs/lib/libros2_yolo_msgs__rosidl_typesupport_fastrtps_cpp.so
[0.357s] -- Up-to-date: /home/ak47k98/PycharmProjects/ros2_v8/install/ros2_yolo_msgs/include/ros2_yolo_msgs/ros2_yolo_msgs
[0.357s] -- Up-to-date: /home/ak47k98/PycharmProjects/ros2_v8/install/ros2_yolo_msgs/include/ros2_yolo_msgs/ros2_yolo_msgs/msg
[0.357s] -- Up-to-date: /home/ak47k98/PycharmProjects/ros2_v8/install/ros2_yolo_msgs/include/ros2_yolo_msgs/ros2_yolo_msgs/msg/detail
[0.357s] -- Up-to-date: /home/ak47k98/PycharmProjects/ros2_v8/install/ros2_yolo_msgs/include/ros2_yolo_msgs/ros2_yolo_msgs/msg/detail/detected_box__type_support.cpp
[0.357s] -- Up-to-date: /home/ak47k98/PycharmProjects/ros2_v8/install/ros2_yolo_msgs/include/ros2_yolo_msgs/ros2_yolo_msgs/msg/detail/detected_box__rosidl_typesupport_introspection_cpp.hpp
[0.357s] -- Up-to-date: /home/ak47k98/PycharmProjects/ros2_v8/install/ros2_yolo_msgs/lib/libros2_yolo_msgs__rosidl_typesupport_introspection_cpp.so
[0.357s] -- Up-to-date: /home/ak47k98/PycharmProjects/ros2_v8/install/ros2_yolo_msgs/lib/libros2_yolo_msgs__rosidl_typesupport_cpp.so
[0.357s] -- Up-to-date: /home/ak47k98/PycharmProjects/ros2_v8/install/ros2_yolo_msgs/share/ros2_yolo_msgs/environment/pythonpath.sh
[0.357s] -- Up-to-date: /home/ak47k98/PycharmProjects/ros2_v8/install/ros2_yolo_msgs/share/ros2_yolo_msgs/environment/pythonpath.dsv
[0.357s] -- Up-to-date: /home/ak47k98/PycharmProjects/ros2_v8/install/ros2_yolo_msgs/lib/python3.10/site-packages/ros2_yolo_msgs-0.0.0-py3.10.egg-info
[0.357s] -- Installing: /home/ak47k98/PycharmProjects/ros2_v8/install/ros2_yolo_msgs/lib/python3.10/site-packages/ros2_yolo_msgs-0.0.0-py3.10.egg-info/PKG-INFO
[0.357s] -- Installing: /home/ak47k98/PycharmProjects/ros2_v8/install/ros2_yolo_msgs/lib/python3.10/site-packages/ros2_yolo_msgs-0.0.0-py3.10.egg-info/dependency_links.txt
[0.357s] -- Installing: /home/ak47k98/PycharmProjects/ros2_v8/install/ros2_yolo_msgs/lib/python3.10/site-packages/ros2_yolo_msgs-0.0.0-py3.10.egg-info/top_level.txt
[0.357s] -- Installing: /home/ak47k98/PycharmProjects/ros2_v8/install/ros2_yolo_msgs/lib/python3.10/site-packages/ros2_yolo_msgs-0.0.0-py3.10.egg-info/SOURCES.txt
[0.357s] -- Up-to-date: /home/ak47k98/PycharmProjects/ros2_v8/install/ros2_yolo_msgs/lib/python3.10/site-packages/ros2_yolo_msgs
[0.357s] -- Up-to-date: /home/ak47k98/PycharmProjects/ros2_v8/install/ros2_yolo_msgs/lib/python3.10/site-packages/ros2_yolo_msgs/ros2_yolo_msgs_s__rosidl_typesupport_c.cpython-310-x86_64-linux-gnu.so
[0.357s] -- Up-to-date: /home/ak47k98/PycharmProjects/ros2_v8/install/ros2_yolo_msgs/lib/python3.10/site-packages/ros2_yolo_msgs/ros2_yolo_msgs_s__rosidl_typesupport_fastrtps_c.cpython-310-x86_64-linux-gnu.so
[0.357s] -- Up-to-date: /home/ak47k98/PycharmProjects/ros2_v8/install/ros2_yolo_msgs/lib/python3.10/site-packages/ros2_yolo_msgs/libros2_yolo_msgs__rosidl_generator_py.so
[0.357s] -- Up-to-date: /home/ak47k98/PycharmProjects/ros2_v8/install/ros2_yolo_msgs/lib/python3.10/site-packages/ros2_yolo_msgs/_ros2_yolo_msgs_s.ep.rosidl_typesupport_introspection_c.c
[0.357s] -- Up-to-date: /home/ak47k98/PycharmProjects/ros2_v8/install/ros2_yolo_msgs/lib/python3.10/site-packages/ros2_yolo_msgs/_ros2_yolo_msgs_s.ep.rosidl_typesupport_fastrtps_c.c
[0.357s] -- Up-to-date: /home/ak47k98/PycharmProjects/ros2_v8/install/ros2_yolo_msgs/lib/python3.10/site-packages/ros2_yolo_msgs/msg
[0.357s] -- Up-to-date: /home/ak47k98/PycharmProjects/ros2_v8/install/ros2_yolo_msgs/lib/python3.10/site-packages/ros2_yolo_msgs/msg/_detected_box.py
[0.357s] -- Up-to-date: /home/ak47k98/PycharmProjects/ros2_v8/install/ros2_yolo_msgs/lib/python3.10/site-packages/ros2_yolo_msgs/msg/_detected_box_s.c
[0.358s] -- Up-to-date: /home/ak47k98/PycharmProjects/ros2_v8/install/ros2_yolo_msgs/lib/python3.10/site-packages/ros2_yolo_msgs/msg/__init__.py
[0.358s] -- Up-to-date: /home/ak47k98/PycharmProjects/ros2_v8/install/ros2_yolo_msgs/lib/python3.10/site-packages/ros2_yolo_msgs/_ros2_yolo_msgs_s.ep.rosidl_typesupport_c.c
[0.358s] -- Up-to-date: /home/ak47k98/PycharmProjects/ros2_v8/install/ros2_yolo_msgs/lib/python3.10/site-packages/ros2_yolo_msgs/__init__.py
[0.358s] -- Up-to-date: /home/ak47k98/PycharmProjects/ros2_v8/install/ros2_yolo_msgs/lib/python3.10/site-packages/ros2_yolo_msgs/ros2_yolo_msgs_s__rosidl_typesupport_introspection_c.cpython-310-x86_64-linux-gnu.so
[0.379s] Listing '/home/ak47k98/PycharmProjects/ros2_v8/install/ros2_yolo_msgs/lib/python3.10/site-packages/ros2_yolo_msgs'...
[0.379s] Listing '/home/ak47k98/PycharmProjects/ros2_v8/install/ros2_yolo_msgs/lib/python3.10/site-packages/ros2_yolo_msgs/msg'...
[0.381s] -- Up-to-date: /home/ak47k98/PycharmProjects/ros2_v8/install/ros2_yolo_msgs/lib/python3.10/site-packages/ros2_yolo_msgs/ros2_yolo_msgs_s__rosidl_typesupport_fastrtps_c.cpython-310-x86_64-linux-gnu.so
[0.381s] -- Up-to-date: /home/ak47k98/PycharmProjects/ros2_v8/install/ros2_yolo_msgs/lib/python3.10/site-packages/ros2_yolo_msgs/ros2_yolo_msgs_s__rosidl_typesupport_introspection_c.cpython-310-x86_64-linux-gnu.so
[0.381s] -- Up-to-date: /home/ak47k98/PycharmProjects/ros2_v8/install/ros2_yolo_msgs/lib/python3.10/site-packages/ros2_yolo_msgs/ros2_yolo_msgs_s__rosidl_typesupport_c.cpython-310-x86_64-linux-gnu.so
[0.382s] -- Up-to-date: /home/ak47k98/PycharmProjects/ros2_v8/install/ros2_yolo_msgs/lib/libros2_yolo_msgs__rosidl_generator_py.so
[0.382s] -- Up-to-date: /home/ak47k98/PycharmProjects/ros2_v8/install/ros2_yolo_msgs/share/ros2_yolo_msgs/msg/DetectedBox.idl
[0.382s] -- Up-to-date: /home/ak47k98/PycharmProjects/ros2_v8/install/ros2_yolo_msgs/share/ros2_yolo_msgs/msg/DetectedBox.msg
[0.382s] -- Up-to-date: /home/ak47k98/PycharmProjects/ros2_v8/install/ros2_yolo_msgs/share/ament_index/resource_index/package_run_dependencies/ros2_yolo_msgs
[0.382s] -- Up-to-date: /home/ak47k98/PycharmProjects/ros2_v8/install/ros2_yolo_msgs/share/ament_index/resource_index/parent_prefix_path/ros2_yolo_msgs
[0.382s] -- Up-to-date: /home/ak47k98/PycharmProjects/ros2_v8/install/ros2_yolo_msgs/share/ros2_yolo_msgs/environment/ament_prefix_path.sh
[0.382s] -- Up-to-date: /home/ak47k98/PycharmProjects/ros2_v8/install/ros2_yolo_msgs/share/ros2_yolo_msgs/environment/ament_prefix_path.dsv
[0.382s] -- Up-to-date: /home/ak47k98/PycharmProjects/ros2_v8/install/ros2_yolo_msgs/share/ros2_yolo_msgs/environment/path.sh
[0.382s] -- Up-to-date: /home/ak47k98/PycharmProjects/ros2_v8/install/ros2_yolo_msgs/share/ros2_yolo_msgs/environment/path.dsv
[0.382s] -- Up-to-date: /home/ak47k98/PycharmProjects/ros2_v8/install/ros2_yolo_msgs/share/ros2_yolo_msgs/local_setup.bash
[0.382s] -- Up-to-date: /home/ak47k98/PycharmProjects/ros2_v8/install/ros2_yolo_msgs/share/ros2_yolo_msgs/local_setup.sh
[0.382s] -- Up-to-date: /home/ak47k98/PycharmProjects/ros2_v8/install/ros2_yolo_msgs/share/ros2_yolo_msgs/local_setup.zsh
[0.382s] -- Up-to-date: /home/ak47k98/PycharmProjects/ros2_v8/install/ros2_yolo_msgs/share/ros2_yolo_msgs/local_setup.dsv
[0.382s] -- Installing: /home/ak47k98/PycharmProjects/ros2_v8/install/ros2_yolo_msgs/share/ros2_yolo_msgs/package.dsv
[0.382s] -- Up-to-date: /home/ak47k98/PycharmProjects/ros2_v8/install/ros2_yolo_msgs/share/ament_index/resource_index/packages/ros2_yolo_msgs
[0.382s] -- Up-to-date: /home/ak47k98/PycharmProjects/ros2_v8/install/ros2_yolo_msgs/share/ros2_yolo_msgs/cmake/export_ros2_yolo_msgs__rosidl_generator_cExport.cmake
[0.382s] -- Up-to-date: /home/ak47k98/PycharmProjects/ros2_v8/install/ros2_yolo_msgs/share/ros2_yolo_msgs/cmake/export_ros2_yolo_msgs__rosidl_generator_cExport-noconfig.cmake
[0.382s] -- Up-to-date: /home/ak47k98/PycharmProjects/ros2_v8/install/ros2_yolo_msgs/share/ros2_yolo_msgs/cmake/export_ros2_yolo_msgs__rosidl_typesupport_fastrtps_cExport.cmake
[0.382s] -- Up-to-date: /home/ak47k98/PycharmProjects/ros2_v8/install/ros2_yolo_msgs/share/ros2_yolo_msgs/cmake/export_ros2_yolo_msgs__rosidl_typesupport_fastrtps_cExport-noconfig.cmake
[0.382s] -- Up-to-date: /home/ak47k98/PycharmProjects/ros2_v8/install/ros2_yolo_msgs/share/ros2_yolo_msgs/cmake/ros2_yolo_msgs__rosidl_typesupport_introspection_cExport.cmake
[0.382s] -- Up-to-date: /home/ak47k98/PycharmProjects/ros2_v8/install/ros2_yolo_msgs/share/ros2_yolo_msgs/cmake/ros2_yolo_msgs__rosidl_typesupport_introspection_cExport-noconfig.cmake
[0.382s] -- Up-to-date: /home/ak47k98/PycharmProjects/ros2_v8/install/ros2_yolo_msgs/share/ros2_yolo_msgs/cmake/ros2_yolo_msgs__rosidl_typesupport_cExport.cmake
[0.382s] -- Up-to-date: /home/ak47k98/PycharmProjects/ros2_v8/install/ros2_yolo_msgs/share/ros2_yolo_msgs/cmake/ros2_yolo_msgs__rosidl_typesupport_cExport-noconfig.cmake
[0.382s] -- Up-to-date: /home/ak47k98/PycharmProjects/ros2_v8/install/ros2_yolo_msgs/share/ros2_yolo_msgs/cmake/export_ros2_yolo_msgs__rosidl_generator_cppExport.cmake
[0.382s] -- Up-to-date: /home/ak47k98/PycharmProjects/ros2_v8/install/ros2_yolo_msgs/share/ros2_yolo_msgs/cmake/export_ros2_yolo_msgs__rosidl_typesupport_fastrtps_cppExport.cmake
[0.382s] -- Up-to-date: /home/ak47k98/PycharmProjects/ros2_v8/install/ros2_yolo_msgs/share/ros2_yolo_msgs/cmake/export_ros2_yolo_msgs__rosidl_typesupport_fastrtps_cppExport-noconfig.cmake
[0.382s] -- Up-to-date: /home/ak47k98/PycharmProjects/ros2_v8/install/ros2_yolo_msgs/share/ros2_yolo_msgs/cmake/ros2_yolo_msgs__rosidl_typesupport_introspection_cppExport.cmake
[0.382s] -- Up-to-date: /home/ak47k98/PycharmProjects/ros2_v8/install/ros2_yolo_msgs/share/ros2_yolo_msgs/cmake/ros2_yolo_msgs__rosidl_typesupport_introspection_cppExport-noconfig.cmake
[0.382s] -- Up-to-date: /home/ak47k98/PycharmProjects/ros2_v8/install/ros2_yolo_msgs/share/ros2_yolo_msgs/cmake/ros2_yolo_msgs__rosidl_typesupport_cppExport.cmake
[0.382s] -- Up-to-date: /home/ak47k98/PycharmProjects/ros2_v8/install/ros2_yolo_msgs/share/ros2_yolo_msgs/cmake/ros2_yolo_msgs__rosidl_typesupport_cppExport-noconfig.cmake
[0.382s] -- Up-to-date: /home/ak47k98/PycharmProjects/ros2_v8/install/ros2_yolo_msgs/share/ros2_yolo_msgs/cmake/export_ros2_yolo_msgs__rosidl_generator_pyExport.cmake
[0.383s] -- Up-to-date: /home/ak47k98/PycharmProjects/ros2_v8/install/ros2_yolo_msgs/share/ros2_yolo_msgs/cmake/export_ros2_yolo_msgs__rosidl_generator_pyExport-noconfig.cmake
[0.383s] -- Up-to-date: /home/ak47k98/PycharmProjects/ros2_v8/install/ros2_yolo_msgs/share/ros2_yolo_msgs/cmake/rosidl_cmake-extras.cmake
[0.383s] -- Up-to-date: /home/ak47k98/PycharmProjects/ros2_v8/install/ros2_yolo_msgs/share/ros2_yolo_msgs/cmake/ament_cmake_export_dependencies-extras.cmake
[0.383s] -- Up-to-date: /home/ak47k98/PycharmProjects/ros2_v8/install/ros2_yolo_msgs/share/ros2_yolo_msgs/cmake/ament_cmake_export_include_directories-extras.cmake
[0.383s] -- Up-to-date: /home/ak47k98/PycharmProjects/ros2_v8/install/ros2_yolo_msgs/share/ros2_yolo_msgs/cmake/ament_cmake_export_libraries-extras.cmake
[0.383s] -- Up-to-date: /home/ak47k98/PycharmProjects/ros2_v8/install/ros2_yolo_msgs/share/ros2_yolo_msgs/cmake/ament_cmake_export_targets-extras.cmake
[0.383s] -- Up-to-date: /home/ak47k98/PycharmProjects/ros2_v8/install/ros2_yolo_msgs/share/ros2_yolo_msgs/cmake/rosidl_cmake_export_typesupport_targets-extras.cmake
[0.383s] -- Up-to-date: /home/ak47k98/PycharmProjects/ros2_v8/install/ros2_yolo_msgs/share/ros2_yolo_msgs/cmake/rosidl_cmake_export_typesupport_libraries-extras.cmake
[0.383s] -- Up-to-date: /home/ak47k98/PycharmProjects/ros2_v8/install/ros2_yolo_msgs/share/ros2_yolo_msgs/cmake/ros2_yolo_msgsConfig.cmake
[0.383s] -- Up-to-date: /home/ak47k98/PycharmProjects/ros2_v8/install/ros2_yolo_msgs/share/ros2_yolo_msgs/cmake/ros2_yolo_msgsConfig-version.cmake
[0.383s] -- Up-to-date: /home/ak47k98/PycharmProjects/ros2_v8/install/ros2_yolo_msgs/share/ros2_yolo_msgs/package.xml
[0.385s] Invoked command in '/home/ak47k98/PycharmProjects/ros2_v8/build/ros2_yolo_msgs' returned '0': CONDA_PROMPT_MODIFIER=(yolov8_10) /usr/bin/cmake --install /home/ak47k98/PycharmProjects/ros2_v8/build/ros2_yolo_msgs
