-- The C compiler identification is GNU 11.4.0
-- The CXX compiler identification is GNU 11.4.0
-- Detecting C compiler ABI info
-- Detecting C compiler ABI info - done
-- Check for working C compiler: /usr/bin/cc - skipped
-- Detecting C compile features
-- Detecting C compile features - done
-- Detecting CXX compiler ABI info
-- Detecting CXX compiler ABI info - done
-- Check for working CXX compiler: /usr/bin/c++ - skipped
-- Detecting CXX compile features
-- Detecting CXX compile features - done
-- Found ament_cmake: 1.3.9 (/opt/ros/humble/share/ament_cmake/cmake)
-- Found Python3: /home/ak47k98/anaconda3/envs/yolov8_10/bin/python3 (found version "3.10.16") found components: Interpreter 
-- Found rosidl_default_generators: 1.2.0 (/opt/ros/humble/share/rosidl_default_generators/cmake)
-- Using all available rosidl_typesupport_c: rosidl_typesupport_fastrtps_c;rosidl_typesupport_introspection_c
-- Found rosidl_adapter: 3.1.5 (/opt/ros/humble/share/rosidl_adapter/cmake)
-- Using all available rosidl_typesupport_cpp: rosidl_typesupport_fastrtps_cpp;rosidl_typesupport_introspection_cpp
-- Found std_msgs: 4.2.4 (/opt/ros/humble/share/std_msgs/cmake)
-- Found ament_cmake_ros: 0.10.0 (/opt/ros/humble/share/ament_cmake_ros/cmake)
-- Using all available rosidl_typesupport_c: rosidl_typesupport_fastrtps_c;rosidl_typesupport_introspection_c
-- Using all available rosidl_typesupport_cpp: rosidl_typesupport_fastrtps_cpp;rosidl_typesupport_introspection_cpp
-- Found PythonInterp: /home/ak47k98/anaconda3/envs/yolov8_10/bin/python3 (found suitable version "3.10.16", minimum required is "3.6") 
-- Found python_cmake_module: 0.10.0 (/opt/ros/humble/share/python_cmake_module/cmake)
-- Found PythonLibs: /home/ak47k98/anaconda3/envs/yolov8_10/lib/libpython3.10.so (found suitable version "3.10.16", minimum required is "3.5") 
-- Using PYTHON_EXECUTABLE: /home/ak47k98/anaconda3/envs/yolov8_10/bin/python3
-- Using PYTHON_INCLUDE_DIRS: /home/ak47k98/anaconda3/envs/yolov8_10/include/python3.10
-- Using PYTHON_LIBRARIES: /home/ak47k98/anaconda3/envs/yolov8_10/lib/libpython3.10.so
-- Found PythonExtra: .so  
-- Using numpy include directory: /home/ak47k98/anaconda3/envs/yolov8_10/lib/python3.10/site-packages/numpy/core/include
-- Configuring done
-- Generating done
-- Build files have been written to: /home/ak47k98/PycharmProjects/ros2_v8/build/ros2_yolo_msgs
[  3%] [34m[1mGenerating C code for ROS interfaces[0m
[  6%] [34m[1mGenerating C++ code for ROS interfaces[0m
[  6%] Built target ament_cmake_python_copy_ros2_yolo_msgs
running egg_info
creating ros2_yolo_msgs.egg-info
writing ros2_yolo_msgs.egg-info/PKG-INFO
writing dependency_links to ros2_yolo_msgs.egg-info/dependency_links.txt
writing top-level names to ros2_yolo_msgs.egg-info/top_level.txt
writing manifest file 'ros2_yolo_msgs.egg-info/SOURCES.txt'
[  6%] Built target ros2_yolo_msgs__cpp
[ 16%] [34m[1mGenerating C++ type support for eProsima Fast-RTPS[0m
[ 16%] [34m[1mGenerating C++ type support dispatch for ROS interfaces[0m
[ 16%] [32mBuilding C object CMakeFiles/ros2_yolo_msgs__rosidl_generator_c.dir/rosidl_generator_c/ros2_yolo_msgs/msg/detail/detected_box__functions.c.o[0m
[ 19%] [34m[1mGenerating C++ introspection for ROS interfaces[0m
reading manifest file 'ros2_yolo_msgs.egg-info/SOURCES.txt'
writing manifest file 'ros2_yolo_msgs.egg-info/SOURCES.txt'
[ 19%] Built target ament_cmake_python_build_ros2_yolo_msgs_egg
[ 22%] [32m[1mLinking C shared library libros2_yolo_msgs__rosidl_generator_c.so[0m
[ 22%] Built target ros2_yolo_msgs__rosidl_generator_c
[ 25%] [34m[1mGenerating C introspection for ROS interfaces[0m
[ 29%] [34m[1mGenerating C type support for eProsima Fast-RTPS[0m
[ 32%] [34m[1mGenerating C type support dispatch for ROS interfaces[0m
[ 35%] [32mBuilding CXX object CMakeFiles/ros2_yolo_msgs__rosidl_typesupport_cpp.dir/rosidl_typesupport_cpp/ros2_yolo_msgs/msg/detected_box__type_support.cpp.o[0m
[ 41%] [32mBuilding CXX object CMakeFiles/ros2_yolo_msgs__rosidl_typesupport_fastrtps_cpp.dir/rosidl_typesupport_fastrtps_cpp/ros2_yolo_msgs/msg/detail/dds_fastrtps/detected_box__type_support.cpp.o[0m
[ 41%] [32mBuilding CXX object CMakeFiles/ros2_yolo_msgs__rosidl_typesupport_introspection_cpp.dir/rosidl_typesupport_introspection_cpp/ros2_yolo_msgs/msg/detail/detected_box__type_support.cpp.o[0m
[ 45%] [32mBuilding CXX object CMakeFiles/ros2_yolo_msgs__rosidl_typesupport_c.dir/rosidl_typesupport_c/ros2_yolo_msgs/msg/detected_box__type_support.cpp.o[0m
[ 48%] [32mBuilding CXX object CMakeFiles/ros2_yolo_msgs__rosidl_typesupport_fastrtps_c.dir/rosidl_typesupport_fastrtps_c/ros2_yolo_msgs/msg/detail/detected_box__type_support_c.cpp.o[0m
[ 51%] [32mBuilding C object CMakeFiles/ros2_yolo_msgs__rosidl_typesupport_introspection_c.dir/rosidl_typesupport_introspection_c/ros2_yolo_msgs/msg/detail/detected_box__type_support.c.o[0m
[ 54%] [32m[1mLinking CXX shared library libros2_yolo_msgs__rosidl_typesupport_c.so[0m
[ 58%] [32m[1mLinking C shared library libros2_yolo_msgs__rosidl_typesupport_introspection_c.so[0m
[ 58%] Built target ros2_yolo_msgs__rosidl_typesupport_c
[ 58%] Built target ros2_yolo_msgs__rosidl_typesupport_introspection_c
[ 61%] [32m[1mLinking CXX shared library libros2_yolo_msgs__rosidl_typesupport_cpp.so[0m
[ 61%] Built target ros2_yolo_msgs__rosidl_typesupport_cpp
[ 64%] [32m[1mLinking CXX shared library libros2_yolo_msgs__rosidl_typesupport_introspection_cpp.so[0m
[ 67%] [32m[1mLinking CXX shared library libros2_yolo_msgs__rosidl_typesupport_fastrtps_cpp.so[0m
[ 67%] Built target ros2_yolo_msgs__rosidl_typesupport_introspection_cpp
[ 70%] [32m[1mLinking CXX shared library libros2_yolo_msgs__rosidl_typesupport_fastrtps_c.so[0m
[ 70%] Built target ros2_yolo_msgs__rosidl_typesupport_fastrtps_cpp
[ 70%] Built target ros2_yolo_msgs__rosidl_typesupport_fastrtps_c
[ 70%] Built target ros2_yolo_msgs
[ 74%] [34m[1mGenerating Python code for ROS interfaces[0m
[ 74%] Built target ros2_yolo_msgs__py
[ 77%] [32mBuilding C object CMakeFiles/ros2_yolo_msgs__rosidl_generator_py.dir/rosidl_generator_py/ros2_yolo_msgs/msg/_detected_box_s.c.o[0m
[ 80%] [32m[1mLinking C shared library rosidl_generator_py/ros2_yolo_msgs/libros2_yolo_msgs__rosidl_generator_py.so[0m
[ 80%] Built target ros2_yolo_msgs__rosidl_generator_py
[ 83%] [32mBuilding C object CMakeFiles/ros2_yolo_msgs__rosidl_typesupport_introspection_c__pyext.dir/rosidl_generator_py/ros2_yolo_msgs/_ros2_yolo_msgs_s.ep.rosidl_typesupport_introspection_c.c.o[0m
[ 87%] [32mBuilding C object CMakeFiles/ros2_yolo_msgs__rosidl_typesupport_fastrtps_c__pyext.dir/rosidl_generator_py/ros2_yolo_msgs/_ros2_yolo_msgs_s.ep.rosidl_typesupport_fastrtps_c.c.o[0m
[ 90%] [32mBuilding C object CMakeFiles/ros2_yolo_msgs__rosidl_typesupport_c__pyext.dir/rosidl_generator_py/ros2_yolo_msgs/_ros2_yolo_msgs_s.ep.rosidl_typesupport_c.c.o[0m
[ 93%] [32m[1mLinking C shared library rosidl_generator_py/ros2_yolo_msgs/ros2_yolo_msgs_s__rosidl_typesupport_introspection_c.cpython-310-x86_64-linux-gnu.so[0m
[ 96%] [32m[1mLinking C shared library rosidl_generator_py/ros2_yolo_msgs/ros2_yolo_msgs_s__rosidl_typesupport_fastrtps_c.cpython-310-x86_64-linux-gnu.so[0m
[100%] [32m[1mLinking C shared library rosidl_generator_py/ros2_yolo_msgs/ros2_yolo_msgs_s__rosidl_typesupport_c.cpython-310-x86_64-linux-gnu.so[0m
[100%] Built target ros2_yolo_msgs__rosidl_typesupport_introspection_c__pyext
[100%] Built target ros2_yolo_msgs__rosidl_typesupport_c__pyext
[100%] Built target ros2_yolo_msgs__rosidl_typesupport_fastrtps_c__pyext
-- Install configuration: ""
-- Installing: /home/ak47k98/PycharmProjects/ros2_v8/install/ros2_yolo_msgs/share/ament_index/resource_index/rosidl_interfaces/ros2_yolo_msgs
-- Installing: /home/ak47k98/PycharmProjects/ros2_v8/install/ros2_yolo_msgs/include/ros2_yolo_msgs/ros2_yolo_msgs
-- Installing: /home/ak47k98/PycharmProjects/ros2_v8/install/ros2_yolo_msgs/include/ros2_yolo_msgs/ros2_yolo_msgs/msg
-- Installing: /home/ak47k98/PycharmProjects/ros2_v8/install/ros2_yolo_msgs/include/ros2_yolo_msgs/ros2_yolo_msgs/msg/detected_box.h
-- Installing: /home/ak47k98/PycharmProjects/ros2_v8/install/ros2_yolo_msgs/include/ros2_yolo_msgs/ros2_yolo_msgs/msg/rosidl_generator_c__visibility_control.h
-- Installing: /home/ak47k98/PycharmProjects/ros2_v8/install/ros2_yolo_msgs/include/ros2_yolo_msgs/ros2_yolo_msgs/msg/detail
-- Installing: /home/ak47k98/PycharmProjects/ros2_v8/install/ros2_yolo_msgs/include/ros2_yolo_msgs/ros2_yolo_msgs/msg/detail/detected_box__functions.c
-- Installing: /home/ak47k98/PycharmProjects/ros2_v8/install/ros2_yolo_msgs/include/ros2_yolo_msgs/ros2_yolo_msgs/msg/detail/detected_box__struct.h
-- Installing: /home/ak47k98/PycharmProjects/ros2_v8/install/ros2_yolo_msgs/include/ros2_yolo_msgs/ros2_yolo_msgs/msg/detail/detected_box__type_support.h
-- Installing: /home/ak47k98/PycharmProjects/ros2_v8/install/ros2_yolo_msgs/include/ros2_yolo_msgs/ros2_yolo_msgs/msg/detail/detected_box__functions.h
-- Installing: /home/ak47k98/PycharmProjects/ros2_v8/install/ros2_yolo_msgs/share/ros2_yolo_msgs/environment/library_path.sh
-- Installing: /home/ak47k98/PycharmProjects/ros2_v8/install/ros2_yolo_msgs/share/ros2_yolo_msgs/environment/library_path.dsv
-- Installing: /home/ak47k98/PycharmProjects/ros2_v8/install/ros2_yolo_msgs/lib/libros2_yolo_msgs__rosidl_generator_c.so
-- Set runtime path of "/home/ak47k98/PycharmProjects/ros2_v8/install/ros2_yolo_msgs/lib/libros2_yolo_msgs__rosidl_generator_c.so" to ""
-- Up-to-date: /home/ak47k98/PycharmProjects/ros2_v8/install/ros2_yolo_msgs/include/ros2_yolo_msgs/ros2_yolo_msgs
-- Up-to-date: /home/ak47k98/PycharmProjects/ros2_v8/install/ros2_yolo_msgs/include/ros2_yolo_msgs/ros2_yolo_msgs/msg
-- Installing: /home/ak47k98/PycharmProjects/ros2_v8/install/ros2_yolo_msgs/include/ros2_yolo_msgs/ros2_yolo_msgs/msg/rosidl_typesupport_fastrtps_c__visibility_control.h
-- Up-to-date: /home/ak47k98/PycharmProjects/ros2_v8/install/ros2_yolo_msgs/include/ros2_yolo_msgs/ros2_yolo_msgs/msg/detail
-- Installing: /home/ak47k98/PycharmProjects/ros2_v8/install/ros2_yolo_msgs/include/ros2_yolo_msgs/ros2_yolo_msgs/msg/detail/detected_box__rosidl_typesupport_fastrtps_c.h
-- Installing: /home/ak47k98/PycharmProjects/ros2_v8/install/ros2_yolo_msgs/lib/libros2_yolo_msgs__rosidl_typesupport_fastrtps_c.so
-- Set runtime path of "/home/ak47k98/PycharmProjects/ros2_v8/install/ros2_yolo_msgs/lib/libros2_yolo_msgs__rosidl_typesupport_fastrtps_c.so" to ""
-- Up-to-date: /home/ak47k98/PycharmProjects/ros2_v8/install/ros2_yolo_msgs/include/ros2_yolo_msgs/ros2_yolo_msgs
-- Up-to-date: /home/ak47k98/PycharmProjects/ros2_v8/install/ros2_yolo_msgs/include/ros2_yolo_msgs/ros2_yolo_msgs/msg
-- Installing: /home/ak47k98/PycharmProjects/ros2_v8/install/ros2_yolo_msgs/include/ros2_yolo_msgs/ros2_yolo_msgs/msg/rosidl_typesupport_introspection_c__visibility_control.h
-- Up-to-date: /home/ak47k98/PycharmProjects/ros2_v8/install/ros2_yolo_msgs/include/ros2_yolo_msgs/ros2_yolo_msgs/msg/detail
-- Installing: /home/ak47k98/PycharmProjects/ros2_v8/install/ros2_yolo_msgs/include/ros2_yolo_msgs/ros2_yolo_msgs/msg/detail/detected_box__rosidl_typesupport_introspection_c.h
-- Installing: /home/ak47k98/PycharmProjects/ros2_v8/install/ros2_yolo_msgs/include/ros2_yolo_msgs/ros2_yolo_msgs/msg/detail/detected_box__type_support.c
-- Installing: /home/ak47k98/PycharmProjects/ros2_v8/install/ros2_yolo_msgs/lib/libros2_yolo_msgs__rosidl_typesupport_introspection_c.so
-- Set runtime path of "/home/ak47k98/PycharmProjects/ros2_v8/install/ros2_yolo_msgs/lib/libros2_yolo_msgs__rosidl_typesupport_introspection_c.so" to ""
-- Installing: /home/ak47k98/PycharmProjects/ros2_v8/install/ros2_yolo_msgs/lib/libros2_yolo_msgs__rosidl_typesupport_c.so
-- Set runtime path of "/home/ak47k98/PycharmProjects/ros2_v8/install/ros2_yolo_msgs/lib/libros2_yolo_msgs__rosidl_typesupport_c.so" to ""
-- Up-to-date: /home/ak47k98/PycharmProjects/ros2_v8/install/ros2_yolo_msgs/include/ros2_yolo_msgs/ros2_yolo_msgs
-- Up-to-date: /home/ak47k98/PycharmProjects/ros2_v8/install/ros2_yolo_msgs/include/ros2_yolo_msgs/ros2_yolo_msgs/msg
-- Installing: /home/ak47k98/PycharmProjects/ros2_v8/install/ros2_yolo_msgs/include/ros2_yolo_msgs/ros2_yolo_msgs/msg/detected_box.hpp
-- Up-to-date: /home/ak47k98/PycharmProjects/ros2_v8/install/ros2_yolo_msgs/include/ros2_yolo_msgs/ros2_yolo_msgs/msg/detail
-- Installing: /home/ak47k98/PycharmProjects/ros2_v8/install/ros2_yolo_msgs/include/ros2_yolo_msgs/ros2_yolo_msgs/msg/detail/detected_box__struct.hpp
-- Installing: /home/ak47k98/PycharmProjects/ros2_v8/install/ros2_yolo_msgs/include/ros2_yolo_msgs/ros2_yolo_msgs/msg/detail/detected_box__traits.hpp
-- Installing: /home/ak47k98/PycharmProjects/ros2_v8/install/ros2_yolo_msgs/include/ros2_yolo_msgs/ros2_yolo_msgs/msg/detail/detected_box__builder.hpp
-- Up-to-date: /home/ak47k98/PycharmProjects/ros2_v8/install/ros2_yolo_msgs/include/ros2_yolo_msgs/ros2_yolo_msgs
-- Up-to-date: /home/ak47k98/PycharmProjects/ros2_v8/install/ros2_yolo_msgs/include/ros2_yolo_msgs/ros2_yolo_msgs/msg
-- Installing: /home/ak47k98/PycharmProjects/ros2_v8/install/ros2_yolo_msgs/include/ros2_yolo_msgs/ros2_yolo_msgs/msg/rosidl_typesupport_fastrtps_cpp__visibility_control.h
-- Up-to-date: /home/ak47k98/PycharmProjects/ros2_v8/install/ros2_yolo_msgs/include/ros2_yolo_msgs/ros2_yolo_msgs/msg/detail
-- Installing: /home/ak47k98/PycharmProjects/ros2_v8/install/ros2_yolo_msgs/include/ros2_yolo_msgs/ros2_yolo_msgs/msg/detail/dds_fastrtps
-- Installing: /home/ak47k98/PycharmProjects/ros2_v8/install/ros2_yolo_msgs/include/ros2_yolo_msgs/ros2_yolo_msgs/msg/detail/detected_box__rosidl_typesupport_fastrtps_cpp.hpp
-- Installing: /home/ak47k98/PycharmProjects/ros2_v8/install/ros2_yolo_msgs/lib/libros2_yolo_msgs__rosidl_typesupport_fastrtps_cpp.so
-- Set runtime path of "/home/ak47k98/PycharmProjects/ros2_v8/install/ros2_yolo_msgs/lib/libros2_yolo_msgs__rosidl_typesupport_fastrtps_cpp.so" to ""
-- Up-to-date: /home/ak47k98/PycharmProjects/ros2_v8/install/ros2_yolo_msgs/include/ros2_yolo_msgs/ros2_yolo_msgs
-- Up-to-date: /home/ak47k98/PycharmProjects/ros2_v8/install/ros2_yolo_msgs/include/ros2_yolo_msgs/ros2_yolo_msgs/msg
-- Up-to-date: /home/ak47k98/PycharmProjects/ros2_v8/install/ros2_yolo_msgs/include/ros2_yolo_msgs/ros2_yolo_msgs/msg/detail
-- Installing: /home/ak47k98/PycharmProjects/ros2_v8/install/ros2_yolo_msgs/include/ros2_yolo_msgs/ros2_yolo_msgs/msg/detail/detected_box__type_support.cpp
-- Installing: /home/ak47k98/PycharmProjects/ros2_v8/install/ros2_yolo_msgs/include/ros2_yolo_msgs/ros2_yolo_msgs/msg/detail/detected_box__rosidl_typesupport_introspection_cpp.hpp
-- Installing: /home/ak47k98/PycharmProjects/ros2_v8/install/ros2_yolo_msgs/lib/libros2_yolo_msgs__rosidl_typesupport_introspection_cpp.so
-- Set runtime path of "/home/ak47k98/PycharmProjects/ros2_v8/install/ros2_yolo_msgs/lib/libros2_yolo_msgs__rosidl_typesupport_introspection_cpp.so" to ""
-- Installing: /home/ak47k98/PycharmProjects/ros2_v8/install/ros2_yolo_msgs/lib/libros2_yolo_msgs__rosidl_typesupport_cpp.so
-- Set runtime path of "/home/ak47k98/PycharmProjects/ros2_v8/install/ros2_yolo_msgs/lib/libros2_yolo_msgs__rosidl_typesupport_cpp.so" to ""
-- Installing: /home/ak47k98/PycharmProjects/ros2_v8/install/ros2_yolo_msgs/share/ros2_yolo_msgs/environment/pythonpath.sh
-- Installing: /home/ak47k98/PycharmProjects/ros2_v8/install/ros2_yolo_msgs/share/ros2_yolo_msgs/environment/pythonpath.dsv
-- Installing: /home/ak47k98/PycharmProjects/ros2_v8/install/ros2_yolo_msgs/lib/python3.10/site-packages/ros2_yolo_msgs-0.0.0-py3.10.egg-info
-- Installing: /home/ak47k98/PycharmProjects/ros2_v8/install/ros2_yolo_msgs/lib/python3.10/site-packages/ros2_yolo_msgs-0.0.0-py3.10.egg-info/PKG-INFO
-- Installing: /home/ak47k98/PycharmProjects/ros2_v8/install/ros2_yolo_msgs/lib/python3.10/site-packages/ros2_yolo_msgs-0.0.0-py3.10.egg-info/dependency_links.txt
-- Installing: /home/ak47k98/PycharmProjects/ros2_v8/install/ros2_yolo_msgs/lib/python3.10/site-packages/ros2_yolo_msgs-0.0.0-py3.10.egg-info/top_level.txt
-- Installing: /home/ak47k98/PycharmProjects/ros2_v8/install/ros2_yolo_msgs/lib/python3.10/site-packages/ros2_yolo_msgs-0.0.0-py3.10.egg-info/SOURCES.txt
-- Installing: /home/ak47k98/PycharmProjects/ros2_v8/install/ros2_yolo_msgs/lib/python3.10/site-packages/ros2_yolo_msgs
-- Installing: /home/ak47k98/PycharmProjects/ros2_v8/install/ros2_yolo_msgs/lib/python3.10/site-packages/ros2_yolo_msgs/ros2_yolo_msgs_s__rosidl_typesupport_c.cpython-310-x86_64-linux-gnu.so
-- Installing: /home/ak47k98/PycharmProjects/ros2_v8/install/ros2_yolo_msgs/lib/python3.10/site-packages/ros2_yolo_msgs/ros2_yolo_msgs_s__rosidl_typesupport_fastrtps_c.cpython-310-x86_64-linux-gnu.so
-- Installing: /home/ak47k98/PycharmProjects/ros2_v8/install/ros2_yolo_msgs/lib/python3.10/site-packages/ros2_yolo_msgs/libros2_yolo_msgs__rosidl_generator_py.so
-- Installing: /home/ak47k98/PycharmProjects/ros2_v8/install/ros2_yolo_msgs/lib/python3.10/site-packages/ros2_yolo_msgs/_ros2_yolo_msgs_s.ep.rosidl_typesupport_introspection_c.c
-- Installing: /home/ak47k98/PycharmProjects/ros2_v8/install/ros2_yolo_msgs/lib/python3.10/site-packages/ros2_yolo_msgs/_ros2_yolo_msgs_s.ep.rosidl_typesupport_fastrtps_c.c
-- Installing: /home/ak47k98/PycharmProjects/ros2_v8/install/ros2_yolo_msgs/lib/python3.10/site-packages/ros2_yolo_msgs/msg
-- Installing: /home/ak47k98/PycharmProjects/ros2_v8/install/ros2_yolo_msgs/lib/python3.10/site-packages/ros2_yolo_msgs/msg/_detected_box.py
-- Installing: /home/ak47k98/PycharmProjects/ros2_v8/install/ros2_yolo_msgs/lib/python3.10/site-packages/ros2_yolo_msgs/msg/_detected_box_s.c
-- Installing: /home/ak47k98/PycharmProjects/ros2_v8/install/ros2_yolo_msgs/lib/python3.10/site-packages/ros2_yolo_msgs/msg/__init__.py
-- Installing: /home/ak47k98/PycharmProjects/ros2_v8/install/ros2_yolo_msgs/lib/python3.10/site-packages/ros2_yolo_msgs/_ros2_yolo_msgs_s.ep.rosidl_typesupport_c.c
-- Installing: /home/ak47k98/PycharmProjects/ros2_v8/install/ros2_yolo_msgs/lib/python3.10/site-packages/ros2_yolo_msgs/__init__.py
-- Installing: /home/ak47k98/PycharmProjects/ros2_v8/install/ros2_yolo_msgs/lib/python3.10/site-packages/ros2_yolo_msgs/ros2_yolo_msgs_s__rosidl_typesupport_introspection_c.cpython-310-x86_64-linux-gnu.so
Listing '/home/ak47k98/PycharmProjects/ros2_v8/install/ros2_yolo_msgs/lib/python3.10/site-packages/ros2_yolo_msgs'...
Compiling '/home/ak47k98/PycharmProjects/ros2_v8/install/ros2_yolo_msgs/lib/python3.10/site-packages/ros2_yolo_msgs/__init__.py'...
Listing '/home/ak47k98/PycharmProjects/ros2_v8/install/ros2_yolo_msgs/lib/python3.10/site-packages/ros2_yolo_msgs/msg'...
Compiling '/home/ak47k98/PycharmProjects/ros2_v8/install/ros2_yolo_msgs/lib/python3.10/site-packages/ros2_yolo_msgs/msg/__init__.py'...
Compiling '/home/ak47k98/PycharmProjects/ros2_v8/install/ros2_yolo_msgs/lib/python3.10/site-packages/ros2_yolo_msgs/msg/_detected_box.py'...
-- Installing: /home/ak47k98/PycharmProjects/ros2_v8/install/ros2_yolo_msgs/lib/python3.10/site-packages/ros2_yolo_msgs/ros2_yolo_msgs_s__rosidl_typesupport_fastrtps_c.cpython-310-x86_64-linux-gnu.so
-- Set runtime path of "/home/ak47k98/PycharmProjects/ros2_v8/install/ros2_yolo_msgs/lib/python3.10/site-packages/ros2_yolo_msgs/ros2_yolo_msgs_s__rosidl_typesupport_fastrtps_c.cpython-310-x86_64-linux-gnu.so" to ""
-- Installing: /home/ak47k98/PycharmProjects/ros2_v8/install/ros2_yolo_msgs/lib/python3.10/site-packages/ros2_yolo_msgs/ros2_yolo_msgs_s__rosidl_typesupport_introspection_c.cpython-310-x86_64-linux-gnu.so
-- Set runtime path of "/home/ak47k98/PycharmProjects/ros2_v8/install/ros2_yolo_msgs/lib/python3.10/site-packages/ros2_yolo_msgs/ros2_yolo_msgs_s__rosidl_typesupport_introspection_c.cpython-310-x86_64-linux-gnu.so" to ""
-- Installing: /home/ak47k98/PycharmProjects/ros2_v8/install/ros2_yolo_msgs/lib/python3.10/site-packages/ros2_yolo_msgs/ros2_yolo_msgs_s__rosidl_typesupport_c.cpython-310-x86_64-linux-gnu.so
-- Set runtime path of "/home/ak47k98/PycharmProjects/ros2_v8/install/ros2_yolo_msgs/lib/python3.10/site-packages/ros2_yolo_msgs/ros2_yolo_msgs_s__rosidl_typesupport_c.cpython-310-x86_64-linux-gnu.so" to ""
-- Installing: /home/ak47k98/PycharmProjects/ros2_v8/install/ros2_yolo_msgs/lib/libros2_yolo_msgs__rosidl_generator_py.so
-- Set runtime path of "/home/ak47k98/PycharmProjects/ros2_v8/install/ros2_yolo_msgs/lib/libros2_yolo_msgs__rosidl_generator_py.so" to ""
-- Installing: /home/ak47k98/PycharmProjects/ros2_v8/install/ros2_yolo_msgs/share/ros2_yolo_msgs/msg/DetectedBox.idl
-- Installing: /home/ak47k98/PycharmProjects/ros2_v8/install/ros2_yolo_msgs/share/ros2_yolo_msgs/msg/DetectedBox.msg
-- Installing: /home/ak47k98/PycharmProjects/ros2_v8/install/ros2_yolo_msgs/share/ament_index/resource_index/package_run_dependencies/ros2_yolo_msgs
-- Installing: /home/ak47k98/PycharmProjects/ros2_v8/install/ros2_yolo_msgs/share/ament_index/resource_index/parent_prefix_path/ros2_yolo_msgs
-- Installing: /home/ak47k98/PycharmProjects/ros2_v8/install/ros2_yolo_msgs/share/ros2_yolo_msgs/environment/ament_prefix_path.sh
-- Installing: /home/ak47k98/PycharmProjects/ros2_v8/install/ros2_yolo_msgs/share/ros2_yolo_msgs/environment/ament_prefix_path.dsv
-- Installing: /home/ak47k98/PycharmProjects/ros2_v8/install/ros2_yolo_msgs/share/ros2_yolo_msgs/environment/path.sh
-- Installing: /home/ak47k98/PycharmProjects/ros2_v8/install/ros2_yolo_msgs/share/ros2_yolo_msgs/environment/path.dsv
-- Installing: /home/ak47k98/PycharmProjects/ros2_v8/install/ros2_yolo_msgs/share/ros2_yolo_msgs/local_setup.bash
-- Installing: /home/ak47k98/PycharmProjects/ros2_v8/install/ros2_yolo_msgs/share/ros2_yolo_msgs/local_setup.sh
-- Installing: /home/ak47k98/PycharmProjects/ros2_v8/install/ros2_yolo_msgs/share/ros2_yolo_msgs/local_setup.zsh
-- Installing: /home/ak47k98/PycharmProjects/ros2_v8/install/ros2_yolo_msgs/share/ros2_yolo_msgs/local_setup.dsv
-- Installing: /home/ak47k98/PycharmProjects/ros2_v8/install/ros2_yolo_msgs/share/ros2_yolo_msgs/package.dsv
-- Installing: /home/ak47k98/PycharmProjects/ros2_v8/install/ros2_yolo_msgs/share/ament_index/resource_index/packages/ros2_yolo_msgs
-- Installing: /home/ak47k98/PycharmProjects/ros2_v8/install/ros2_yolo_msgs/share/ros2_yolo_msgs/cmake/export_ros2_yolo_msgs__rosidl_generator_cExport.cmake
-- Installing: /home/ak47k98/PycharmProjects/ros2_v8/install/ros2_yolo_msgs/share/ros2_yolo_msgs/cmake/export_ros2_yolo_msgs__rosidl_generator_cExport-noconfig.cmake
-- Installing: /home/ak47k98/PycharmProjects/ros2_v8/install/ros2_yolo_msgs/share/ros2_yolo_msgs/cmake/export_ros2_yolo_msgs__rosidl_typesupport_fastrtps_cExport.cmake
-- Installing: /home/ak47k98/PycharmProjects/ros2_v8/install/ros2_yolo_msgs/share/ros2_yolo_msgs/cmake/export_ros2_yolo_msgs__rosidl_typesupport_fastrtps_cExport-noconfig.cmake
-- Installing: /home/ak47k98/PycharmProjects/ros2_v8/install/ros2_yolo_msgs/share/ros2_yolo_msgs/cmake/ros2_yolo_msgs__rosidl_typesupport_introspection_cExport.cmake
-- Installing: /home/ak47k98/PycharmProjects/ros2_v8/install/ros2_yolo_msgs/share/ros2_yolo_msgs/cmake/ros2_yolo_msgs__rosidl_typesupport_introspection_cExport-noconfig.cmake
-- Installing: /home/ak47k98/PycharmProjects/ros2_v8/install/ros2_yolo_msgs/share/ros2_yolo_msgs/cmake/ros2_yolo_msgs__rosidl_typesupport_cExport.cmake
-- Installing: /home/ak47k98/PycharmProjects/ros2_v8/install/ros2_yolo_msgs/share/ros2_yolo_msgs/cmake/ros2_yolo_msgs__rosidl_typesupport_cExport-noconfig.cmake
-- Installing: /home/ak47k98/PycharmProjects/ros2_v8/install/ros2_yolo_msgs/share/ros2_yolo_msgs/cmake/export_ros2_yolo_msgs__rosidl_generator_cppExport.cmake
-- Installing: /home/ak47k98/PycharmProjects/ros2_v8/install/ros2_yolo_msgs/share/ros2_yolo_msgs/cmake/export_ros2_yolo_msgs__rosidl_typesupport_fastrtps_cppExport.cmake
-- Installing: /home/ak47k98/PycharmProjects/ros2_v8/install/ros2_yolo_msgs/share/ros2_yolo_msgs/cmake/export_ros2_yolo_msgs__rosidl_typesupport_fastrtps_cppExport-noconfig.cmake
-- Installing: /home/ak47k98/PycharmProjects/ros2_v8/install/ros2_yolo_msgs/share/ros2_yolo_msgs/cmake/ros2_yolo_msgs__rosidl_typesupport_introspection_cppExport.cmake
-- Installing: /home/ak47k98/PycharmProjects/ros2_v8/install/ros2_yolo_msgs/share/ros2_yolo_msgs/cmake/ros2_yolo_msgs__rosidl_typesupport_introspection_cppExport-noconfig.cmake
-- Installing: /home/ak47k98/PycharmProjects/ros2_v8/install/ros2_yolo_msgs/share/ros2_yolo_msgs/cmake/ros2_yolo_msgs__rosidl_typesupport_cppExport.cmake
-- Installing: /home/ak47k98/PycharmProjects/ros2_v8/install/ros2_yolo_msgs/share/ros2_yolo_msgs/cmake/ros2_yolo_msgs__rosidl_typesupport_cppExport-noconfig.cmake
-- Installing: /home/ak47k98/PycharmProjects/ros2_v8/install/ros2_yolo_msgs/share/ros2_yolo_msgs/cmake/export_ros2_yolo_msgs__rosidl_generator_pyExport.cmake
-- Installing: /home/ak47k98/PycharmProjects/ros2_v8/install/ros2_yolo_msgs/share/ros2_yolo_msgs/cmake/export_ros2_yolo_msgs__rosidl_generator_pyExport-noconfig.cmake
-- Installing: /home/ak47k98/PycharmProjects/ros2_v8/install/ros2_yolo_msgs/share/ros2_yolo_msgs/cmake/rosidl_cmake-extras.cmake
-- Installing: /home/ak47k98/PycharmProjects/ros2_v8/install/ros2_yolo_msgs/share/ros2_yolo_msgs/cmake/ament_cmake_export_dependencies-extras.cmake
-- Installing: /home/ak47k98/PycharmProjects/ros2_v8/install/ros2_yolo_msgs/share/ros2_yolo_msgs/cmake/ament_cmake_export_include_directories-extras.cmake
-- Installing: /home/ak47k98/PycharmProjects/ros2_v8/install/ros2_yolo_msgs/share/ros2_yolo_msgs/cmake/ament_cmake_export_libraries-extras.cmake
-- Installing: /home/ak47k98/PycharmProjects/ros2_v8/install/ros2_yolo_msgs/share/ros2_yolo_msgs/cmake/ament_cmake_export_targets-extras.cmake
-- Installing: /home/ak47k98/PycharmProjects/ros2_v8/install/ros2_yolo_msgs/share/ros2_yolo_msgs/cmake/rosidl_cmake_export_typesupport_targets-extras.cmake
-- Installing: /home/ak47k98/PycharmProjects/ros2_v8/install/ros2_yolo_msgs/share/ros2_yolo_msgs/cmake/rosidl_cmake_export_typesupport_libraries-extras.cmake
-- Installing: /home/ak47k98/PycharmProjects/ros2_v8/install/ros2_yolo_msgs/share/ros2_yolo_msgs/cmake/ros2_yolo_msgsConfig.cmake
-- Installing: /home/ak47k98/PycharmProjects/ros2_v8/install/ros2_yolo_msgs/share/ros2_yolo_msgs/cmake/ros2_yolo_msgsConfig-version.cmake
-- Installing: /home/ak47k98/PycharmProjects/ros2_v8/install/ros2_yolo_msgs/share/ros2_yolo_msgs/package.xml
