[0.343s] Invoking command in '/home/ak47k98/PycharmProjects/ros2_v8/src/ros2-yolov8': CONDA_PROMPT_MODIFIER=(yolov8_10) PYTHONPATH=/home/ak47k98/PycharmProjects/ros2_v8/build/ros_yolo/prefix_override:/home/ak47k98/PycharmProjects/ros2_v8/install/ros_yolo/lib/python3.10/site-packages:${PYTHONPATH} /usr/bin/python3 -W ignore:setup.py install is deprecated setup.py egg_info --egg-base ../../build/ros_yolo build --build-base /home/ak47k98/PycharmProjects/ros2_v8/build/ros_yolo/build install --record /home/ak47k98/PycharmProjects/ros2_v8/build/ros_yolo/install.log --single-version-externally-managed install_data
[0.475s] running egg_info
[0.475s] writing ../../build/ros_yolo/ros_yolo.egg-info/PKG-INFO
[0.475s] writing dependency_links to ../../build/ros_yolo/ros_yolo.egg-info/dependency_links.txt
[0.475s] writing entry points to ../../build/ros_yolo/ros_yolo.egg-info/entry_points.txt
[0.475s] writing requirements to ../../build/ros_yolo/ros_yolo.egg-info/requires.txt
[0.475s] writing top-level names to ../../build/ros_yolo/ros_yolo.egg-info/top_level.txt
[0.476s] reading manifest file '../../build/ros_yolo/ros_yolo.egg-info/SOURCES.txt'
[0.477s] adding license file 'LICENSE'
[0.477s] writing manifest file '../../build/ros_yolo/ros_yolo.egg-info/SOURCES.txt'
[0.477s] running build
[0.477s] running build_py
[0.477s] copying ros_yolo/camera_capture_function.py -> /home/ak47k98/PycharmProjects/ros2_v8/build/ros_yolo/build/lib/ros_yolo
[0.477s] running install
[0.477s] running install_lib
[0.478s] copying /home/ak47k98/PycharmProjects/ros2_v8/build/ros_yolo/build/lib/ros_yolo/camera_capture_function.py -> /home/ak47k98/PycharmProjects/ros2_v8/install/ros_yolo/lib/python3.10/site-packages/ros_yolo
[0.478s] byte-compiling /home/ak47k98/PycharmProjects/ros2_v8/install/ros_yolo/lib/python3.10/site-packages/ros_yolo/camera_capture_function.py to camera_capture_function.cpython-310.pyc
[0.478s] running install_data
[0.478s] running install_egg_info
[0.479s] removing '/home/ak47k98/PycharmProjects/ros2_v8/install/ros_yolo/lib/python3.10/site-packages/ros_yolo-0.0.0-py3.10.egg-info' (and everything under it)
[0.479s] Copying ../../build/ros_yolo/ros_yolo.egg-info to /home/ak47k98/PycharmProjects/ros2_v8/install/ros_yolo/lib/python3.10/site-packages/ros_yolo-0.0.0-py3.10.egg-info
[0.480s] running install_scripts
[0.490s] Installing capturer script to /home/ak47k98/PycharmProjects/ros2_v8/install/ros_yolo/lib/ros_yolo
[0.490s] Installing detector script to /home/ak47k98/PycharmProjects/ros2_v8/install/ros_yolo/lib/ros_yolo
[0.490s] Installing detector1 script to /home/ak47k98/PycharmProjects/ros2_v8/install/ros_yolo/lib/ros_yolo
[0.490s] Installing detector_text script to /home/ak47k98/PycharmProjects/ros2_v8/install/ros_yolo/lib/ros_yolo
[0.490s] Installing nub script to /home/ak47k98/PycharmProjects/ros2_v8/install/ros_yolo/lib/ros_yolo
[0.490s] Installing pub script to /home/ak47k98/PycharmProjects/ros2_v8/install/ros_yolo/lib/ros_yolo
[0.490s] writing list of installed files to '/home/ak47k98/PycharmProjects/ros2_v8/build/ros_yolo/install.log'
[0.503s] Invoked command in '/home/ak47k98/PycharmProjects/ros2_v8/src/ros2-yolov8' returned '0': CONDA_PROMPT_MODIFIER=(yolov8_10) PYTHONPATH=/home/ak47k98/PycharmProjects/ros2_v8/build/ros_yolo/prefix_override:/home/ak47k98/PycharmProjects/ros2_v8/install/ros_yolo/lib/python3.10/site-packages:${PYTHONPATH} /usr/bin/python3 -W ignore:setup.py install is deprecated setup.py egg_info --egg-base ../../build/ros_yolo build --build-base /home/ak47k98/PycharmProjects/ros2_v8/build/ros_yolo/build install --record /home/ak47k98/PycharmProjects/ros2_v8/build/ros_yolo/install.log --single-version-externally-managed install_data
