[0.732s] Invoking command in '/home/ak47k98/PycharmProjects/ros2_v8/src/ros2-yolov8': CONDA_PROMPT_MODIFIER=(yolov8_10) PYTHONPATH=/home/ak47k98/PycharmProjects/ros2_v8/build/ros_yolo/prefix_override:/home/ak47k98/PycharmProjects/ros2_v8/install/ros_yolo/lib/python3.10/site-packages:${PYTHONPATH} /usr/bin/python3 -W ignore:setup.py install is deprecated setup.py egg_info --egg-base ../../build/ros_yolo build --build-base /home/ak47k98/PycharmProjects/ros2_v8/build/ros_yolo/build install --record /home/ak47k98/PycharmProjects/ros2_v8/build/ros_yolo/install.log --single-version-externally-managed install_data
[0.997s] running egg_info
[0.998s] writing ../../build/ros_yolo/ros_yolo.egg-info/PKG-INFO
[0.998s] writing dependency_links to ../../build/ros_yolo/ros_yolo.egg-info/dependency_links.txt
[0.999s] writing entry points to ../../build/ros_yolo/ros_yolo.egg-info/entry_points.txt
[0.999s] writing requirements to ../../build/ros_yolo/ros_yolo.egg-info/requires.txt
[0.999s] writing top-level names to ../../build/ros_yolo/ros_yolo.egg-info/top_level.txt
[1.001s] reading manifest file '../../build/ros_yolo/ros_yolo.egg-info/SOURCES.txt'
[1.002s] adding license file 'LICENSE'
[1.003s] writing manifest file '../../build/ros_yolo/ros_yolo.egg-info/SOURCES.txt'
[1.003s] running build
[1.003s] running build_py
[1.003s] copying ros_yolo/detect.py -> /home/ak47k98/PycharmProjects/ros2_v8/build/ros_yolo/build/lib/ros_yolo
[1.004s] running install
[1.004s] running install_lib
[1.005s] copying /home/ak47k98/PycharmProjects/ros2_v8/build/ros_yolo/build/lib/ros_yolo/detect.py -> /home/ak47k98/PycharmProjects/ros2_v8/install/ros_yolo/lib/python3.10/site-packages/ros_yolo
[1.006s] byte-compiling /home/ak47k98/PycharmProjects/ros2_v8/install/ros_yolo/lib/python3.10/site-packages/ros_yolo/detect.py to detect.cpython-310.pyc
[1.008s] running install_data
[1.008s] running install_egg_info
[1.010s] removing '/home/ak47k98/PycharmProjects/ros2_v8/install/ros_yolo/lib/python3.10/site-packages/ros_yolo-0.0.0-py3.10.egg-info' (and everything under it)
[1.011s] Copying ../../build/ros_yolo/ros_yolo.egg-info to /home/ak47k98/PycharmProjects/ros2_v8/install/ros_yolo/lib/python3.10/site-packages/ros_yolo-0.0.0-py3.10.egg-info
[1.012s] running install_scripts
[1.034s] Installing capturer script to /home/ak47k98/PycharmProjects/ros2_v8/install/ros_yolo/lib/ros_yolo
[1.034s] Installing detector script to /home/ak47k98/PycharmProjects/ros2_v8/install/ros_yolo/lib/ros_yolo
[1.035s] Installing detector1 script to /home/ak47k98/PycharmProjects/ros2_v8/install/ros_yolo/lib/ros_yolo
[1.035s] Installing detector_text script to /home/ak47k98/PycharmProjects/ros2_v8/install/ros_yolo/lib/ros_yolo
[1.035s] Installing nub script to /home/ak47k98/PycharmProjects/ros2_v8/install/ros_yolo/lib/ros_yolo
[1.035s] Installing pub script to /home/ak47k98/PycharmProjects/ros2_v8/install/ros_yolo/lib/ros_yolo
[1.035s] Installing record script to /home/ak47k98/PycharmProjects/ros2_v8/install/ros_yolo/lib/ros_yolo
[1.035s] Installing save script to /home/ak47k98/PycharmProjects/ros2_v8/install/ros_yolo/lib/ros_yolo
[1.035s] writing list of installed files to '/home/ak47k98/PycharmProjects/ros2_v8/build/ros_yolo/install.log'
[1.061s] Invoked command in '/home/ak47k98/PycharmProjects/ros2_v8/src/ros2-yolov8' returned '0': CONDA_PROMPT_MODIFIER=(yolov8_10) PYTHONPATH=/home/ak47k98/PycharmProjects/ros2_v8/build/ros_yolo/prefix_override:/home/ak47k98/PycharmProjects/ros2_v8/install/ros_yolo/lib/python3.10/site-packages:${PYTHONPATH} /usr/bin/python3 -W ignore:setup.py install is deprecated setup.py egg_info --egg-base ../../build/ros_yolo build --build-base /home/ak47k98/PycharmProjects/ros2_v8/build/ros_yolo/build install --record /home/ak47k98/PycharmProjects/ros2_v8/build/ros_yolo/install.log --single-version-externally-managed install_data
