[0.675s] Invoking command in '/home/ak47k98/PycharmProjects/ros2_v8/src/ros-yolov8': CONDA_PROMPT_MODIFIER=(yolov8_10) PYTHONPATH=/home/ak47k98/PycharmProjects/ros2_v8/build/ros_yolo/prefix_override:/home/ak47k98/PycharmProjects/ros2_v8/install/ros_yolo/lib/python3.10/site-packages:${PYTHONPATH} /usr/bin/python3 -W ignore:setup.py install is deprecated setup.py egg_info --egg-base ../../build/ros_yolo build --build-base /home/ak47k98/PycharmProjects/ros2_v8/build/ros_yolo/build install --record /home/ak47k98/PycharmProjects/ros2_v8/build/ros_yolo/install.log --single-version-externally-managed install_data
[0.945s] running egg_info
[0.946s] writing ../../build/ros_yolo/ros_yolo.egg-info/PKG-INFO
[0.946s] writing dependency_links to ../../build/ros_yolo/ros_yolo.egg-info/dependency_links.txt
[0.946s] writing entry points to ../../build/ros_yolo/ros_yolo.egg-info/entry_points.txt
[0.947s] writing requirements to ../../build/ros_yolo/ros_yolo.egg-info/requires.txt
[0.947s] writing top-level names to ../../build/ros_yolo/ros_yolo.egg-info/top_level.txt
[0.950s] reading manifest file '../../build/ros_yolo/ros_yolo.egg-info/SOURCES.txt'
[0.950s] adding license file 'LICENSE'
[0.950s] writing manifest file '../../build/ros_yolo/ros_yolo.egg-info/SOURCES.txt'
[0.951s] running build
[0.951s] running build_py
[0.951s] running install
[0.952s] running install_lib
[0.953s] running install_data
[0.953s] running install_egg_info
[0.955s] removing '/home/ak47k98/PycharmProjects/ros2_v8/install/ros_yolo/lib/python3.10/site-packages/ros_yolo-0.0.0-py3.10.egg-info' (and everything under it)
[0.955s] Copying ../../build/ros_yolo/ros_yolo.egg-info to /home/ak47k98/PycharmProjects/ros2_v8/install/ros_yolo/lib/python3.10/site-packages/ros_yolo-0.0.0-py3.10.egg-info
[0.956s] running install_scripts
[0.978s] Installing capturer script to /home/ak47k98/PycharmProjects/ros2_v8/install/ros_yolo/lib/ros_yolo
[0.978s] Installing detector script to /home/ak47k98/PycharmProjects/ros2_v8/install/ros_yolo/lib/ros_yolo
[0.978s] Installing detector1 script to /home/ak47k98/PycharmProjects/ros2_v8/install/ros_yolo/lib/ros_yolo
[0.978s] Installing detector_text script to /home/ak47k98/PycharmProjects/ros2_v8/install/ros_yolo/lib/ros_yolo
[0.979s] Installing nub script to /home/ak47k98/PycharmProjects/ros2_v8/install/ros_yolo/lib/ros_yolo
[0.979s] Installing pub script to /home/ak47k98/PycharmProjects/ros2_v8/install/ros_yolo/lib/ros_yolo
[0.979s] Installing record script to /home/ak47k98/PycharmProjects/ros2_v8/install/ros_yolo/lib/ros_yolo
[0.979s] Installing save script to /home/ak47k98/PycharmProjects/ros2_v8/install/ros_yolo/lib/ros_yolo
[0.979s] Installing text_pub script to /home/ak47k98/PycharmProjects/ros2_v8/install/ros_yolo/lib/ros_yolo
[0.979s] writing list of installed files to '/home/ak47k98/PycharmProjects/ros2_v8/build/ros_yolo/install.log'
[1.002s] Invoked command in '/home/ak47k98/PycharmProjects/ros2_v8/src/ros-yolov8' returned '0': CONDA_PROMPT_MODIFIER=(yolov8_10) PYTHONPATH=/home/ak47k98/PycharmProjects/ros2_v8/build/ros_yolo/prefix_override:/home/ak47k98/PycharmProjects/ros2_v8/install/ros_yolo/lib/python3.10/site-packages:${PYTHONPATH} /usr/bin/python3 -W ignore:setup.py install is deprecated setup.py egg_info --egg-base ../../build/ros_yolo build --build-base /home/ak47k98/PycharmProjects/ros2_v8/build/ros_yolo/build install --record /home/ak47k98/PycharmProjects/ros2_v8/build/ros_yolo/install.log --single-version-externally-managed install_data
