[0.017s] Invoking command in '/home/ak47k98/PycharmProjects/ros2_v8/build/ros2_yolo_msgs': CONDA_PROMPT_MODIFIER=(yolov8_10) /usr/bin/cmake --build /home/ak47k98/PycharmProjects/ros2_v8/build/ros2_yolo_msgs -- -j32 -l32
[0.082s] [35m[1mConsolidate compiler generated dependencies of target ros2_yolo_msgs__rosidl_generator_c[0m
[0.090s] [  3%] Built target ros2_yolo_msgs__cpp
[0.096s] [ 12%] Built target ros2_yolo_msgs__rosidl_generator_c
[0.104s] [35m[1mConsolidate compiler generated dependencies of target ros2_yolo_msgs__rosidl_typesupport_fastrtps_cpp[0m
[0.107s] [35m[1mConsolidate compiler generated dependencies of target ros2_yolo_msgs__rosidl_typesupport_cpp[0m
[0.107s] [35m[1mConsolidate compiler generated dependencies of target ros2_yolo_msgs__rosidl_typesupport_introspection_cpp[0m
[0.109s] [ 12%] Built target ament_cmake_python_copy_ros2_yolo_msgs
[0.109s] [35m[1mConsolidate compiler generated dependencies of target ros2_yolo_msgs__rosidl_typesupport_introspection_c[0m
[0.110s] [35m[1mConsolidate compiler generated dependencies of target ros2_yolo_msgs__rosidl_typesupport_c[0m
[0.111s] [35m[1mConsolidate compiler generated dependencies of target ros2_yolo_msgs__rosidl_typesupport_fastrtps_c[0m
[0.124s] [ 22%] Built target ros2_yolo_msgs__rosidl_typesupport_fastrtps_cpp
[0.124s] [ 32%] Built target ros2_yolo_msgs__rosidl_typesupport_fastrtps_c
[0.125s] [ 41%] Built target ros2_yolo_msgs__rosidl_typesupport_c
[0.126s] [ 67%] Built target ros2_yolo_msgs__rosidl_typesupport_introspection_c
[0.126s] [ 64%] Built target ros2_yolo_msgs__rosidl_typesupport_introspection_cpp
[0.127s] [ 70%] Built target ros2_yolo_msgs__rosidl_typesupport_cpp
[0.152s] [ 70%] Built target ros2_yolo_msgs
[0.178s] [ 74%] Built target ros2_yolo_msgs__py
[0.190s] [35m[1mConsolidate compiler generated dependencies of target ros2_yolo_msgs__rosidl_generator_py[0m
[0.206s] [ 80%] Built target ros2_yolo_msgs__rosidl_generator_py
[0.225s] [35m[1mConsolidate compiler generated dependencies of target ros2_yolo_msgs__rosidl_typesupport_fastrtps_c__pyext[0m
[0.225s] [35m[1mConsolidate compiler generated dependencies of target ros2_yolo_msgs__rosidl_typesupport_introspection_c__pyext[0m
[0.225s] [35m[1mConsolidate compiler generated dependencies of target ros2_yolo_msgs__rosidl_typesupport_c__pyext[0m
[0.243s] [ 87%] Built target ros2_yolo_msgs__rosidl_typesupport_fastrtps_c__pyext
[0.246s] [ 93%] Built target ros2_yolo_msgs__rosidl_typesupport_c__pyext
[0.247s] [100%] Built target ros2_yolo_msgs__rosidl_typesupport_introspection_c__pyext
[0.336s] running egg_info
[0.346s] writing ros2_yolo_msgs.egg-info/PKG-INFO
[0.347s] writing dependency_links to ros2_yolo_msgs.egg-info/dependency_links.txt
[0.347s] writing top-level names to ros2_yolo_msgs.egg-info/top_level.txt
[0.376s] reading manifest file 'ros2_yolo_msgs.egg-info/SOURCES.txt'
[0.377s] writing manifest file 'ros2_yolo_msgs.egg-info/SOURCES.txt'
[0.410s] [100%] Built target ament_cmake_python_build_ros2_yolo_msgs_egg
[0.427s] Invoked command in '/home/ak47k98/PycharmProjects/ros2_v8/build/ros2_yolo_msgs' returned '0': CONDA_PROMPT_MODIFIER=(yolov8_10) /usr/bin/cmake --build /home/ak47k98/PycharmProjects/ros2_v8/build/ros2_yolo_msgs -- -j32 -l32
[0.634s] Invoking command in '/home/ak47k98/PycharmProjects/ros2_v8/build/ros2_yolo_msgs': CONDA_PROMPT_MODIFIER=(yolov8_10) /usr/bin/cmake --install /home/ak47k98/PycharmProjects/ros2_v8/build/ros2_yolo_msgs
[0.648s] -- Install configuration: ""
[0.648s] -- Up-to-date: /home/ak47k98/PycharmProjects/ros2_v8/install/ros2_yolo_msgs/share/ament_index/resource_index/rosidl_interfaces/ros2_yolo_msgs
[0.649s] -- Up-to-date: /home/ak47k98/PycharmProjects/ros2_v8/install/ros2_yolo_msgs/include/ros2_yolo_msgs/ros2_yolo_msgs
[0.649s] -- Up-to-date: /home/ak47k98/PycharmProjects/ros2_v8/install/ros2_yolo_msgs/include/ros2_yolo_msgs/ros2_yolo_msgs/msg
[0.649s] -- Up-to-date: /home/ak47k98/PycharmProjects/ros2_v8/install/ros2_yolo_msgs/include/ros2_yolo_msgs/ros2_yolo_msgs/msg/detected_box.h
[0.649s] -- Up-to-date: /home/ak47k98/PycharmProjects/ros2_v8/install/ros2_yolo_msgs/include/ros2_yolo_msgs/ros2_yolo_msgs/msg/rosidl_generator_c__visibility_control.h
[0.649s] -- Up-to-date: /home/ak47k98/PycharmProjects/ros2_v8/install/ros2_yolo_msgs/include/ros2_yolo_msgs/ros2_yolo_msgs/msg/detail
[0.649s] -- Up-to-date: /home/ak47k98/PycharmProjects/ros2_v8/install/ros2_yolo_msgs/include/ros2_yolo_msgs/ros2_yolo_msgs/msg/detail/detected_box__functions.c
[0.649s] -- Up-to-date: /home/ak47k98/PycharmProjects/ros2_v8/install/ros2_yolo_msgs/include/ros2_yolo_msgs/ros2_yolo_msgs/msg/detail/detected_box__struct.h
[0.650s] -- Up-to-date: /home/ak47k98/PycharmProjects/ros2_v8/install/ros2_yolo_msgs/include/ros2_yolo_msgs/ros2_yolo_msgs/msg/detail/detected_box__type_support.h
[0.650s] -- Up-to-date: /home/ak47k98/PycharmProjects/ros2_v8/install/ros2_yolo_msgs/include/ros2_yolo_msgs/ros2_yolo_msgs/msg/detail/detected_box__functions.h
[0.650s] -- Up-to-date: /home/ak47k98/PycharmProjects/ros2_v8/install/ros2_yolo_msgs/share/ros2_yolo_msgs/environment/library_path.sh
[0.650s] -- Up-to-date: /home/ak47k98/PycharmProjects/ros2_v8/install/ros2_yolo_msgs/share/ros2_yolo_msgs/environment/library_path.dsv
[0.650s] -- Up-to-date: /home/ak47k98/PycharmProjects/ros2_v8/install/ros2_yolo_msgs/lib/libros2_yolo_msgs__rosidl_generator_c.so
[0.650s] -- Up-to-date: /home/ak47k98/PycharmProjects/ros2_v8/install/ros2_yolo_msgs/include/ros2_yolo_msgs/ros2_yolo_msgs
[0.651s] -- Up-to-date: /home/ak47k98/PycharmProjects/ros2_v8/install/ros2_yolo_msgs/include/ros2_yolo_msgs/ros2_yolo_msgs/msg
[0.651s] -- Up-to-date: /home/ak47k98/PycharmProjects/ros2_v8/install/ros2_yolo_msgs/include/ros2_yolo_msgs/ros2_yolo_msgs/msg/rosidl_typesupport_fastrtps_c__visibility_control.h
[0.651s] -- Up-to-date: /home/ak47k98/PycharmProjects/ros2_v8/install/ros2_yolo_msgs/include/ros2_yolo_msgs/ros2_yolo_msgs/msg/detail
[0.651s] -- Up-to-date: /home/ak47k98/PycharmProjects/ros2_v8/install/ros2_yolo_msgs/include/ros2_yolo_msgs/ros2_yolo_msgs/msg/detail/detected_box__rosidl_typesupport_fastrtps_c.h
[0.651s] -- Up-to-date: /home/ak47k98/PycharmProjects/ros2_v8/install/ros2_yolo_msgs/lib/libros2_yolo_msgs__rosidl_typesupport_fastrtps_c.so
[0.651s] -- Up-to-date: /home/ak47k98/PycharmProjects/ros2_v8/install/ros2_yolo_msgs/include/ros2_yolo_msgs/ros2_yolo_msgs
[0.651s] -- Up-to-date: /home/ak47k98/PycharmProjects/ros2_v8/install/ros2_yolo_msgs/include/ros2_yolo_msgs/ros2_yolo_msgs/msg
[0.652s] -- Up-to-date: /home/ak47k98/PycharmProjects/ros2_v8/install/ros2_yolo_msgs/include/ros2_yolo_msgs/ros2_yolo_msgs/msg/rosidl_typesupport_introspection_c__visibility_control.h
[0.652s] -- Up-to-date: /home/ak47k98/PycharmProjects/ros2_v8/install/ros2_yolo_msgs/include/ros2_yolo_msgs/ros2_yolo_msgs/msg/detail
[0.652s] -- Up-to-date: /home/ak47k98/PycharmProjects/ros2_v8/install/ros2_yolo_msgs/include/ros2_yolo_msgs/ros2_yolo_msgs/msg/detail/detected_box__rosidl_typesupport_introspection_c.h
[0.652s] -- Up-to-date: /home/ak47k98/PycharmProjects/ros2_v8/install/ros2_yolo_msgs/include/ros2_yolo_msgs/ros2_yolo_msgs/msg/detail/detected_box__type_support.c
[0.652s] -- Up-to-date: /home/ak47k98/PycharmProjects/ros2_v8/install/ros2_yolo_msgs/lib/libros2_yolo_msgs__rosidl_typesupport_introspection_c.so
[0.652s] -- Up-to-date: /home/ak47k98/PycharmProjects/ros2_v8/install/ros2_yolo_msgs/lib/libros2_yolo_msgs__rosidl_typesupport_c.so
[0.653s] -- Up-to-date: /home/ak47k98/PycharmProjects/ros2_v8/install/ros2_yolo_msgs/include/ros2_yolo_msgs/ros2_yolo_msgs
[0.653s] -- Up-to-date: /home/ak47k98/PycharmProjects/ros2_v8/install/ros2_yolo_msgs/include/ros2_yolo_msgs/ros2_yolo_msgs/msg
[0.653s] -- Up-to-date: /home/ak47k98/PycharmProjects/ros2_v8/install/ros2_yolo_msgs/include/ros2_yolo_msgs/ros2_yolo_msgs/msg/detected_box.hpp
[0.653s] -- Up-to-date: /home/ak47k98/PycharmProjects/ros2_v8/install/ros2_yolo_msgs/include/ros2_yolo_msgs/ros2_yolo_msgs/msg/detail
[0.653s] -- Up-to-date: /home/ak47k98/PycharmProjects/ros2_v8/install/ros2_yolo_msgs/include/ros2_yolo_msgs/ros2_yolo_msgs/msg/detail/detected_box__struct.hpp
[0.653s] -- Up-to-date: /home/ak47k98/PycharmProjects/ros2_v8/install/ros2_yolo_msgs/include/ros2_yolo_msgs/ros2_yolo_msgs/msg/detail/detected_box__traits.hpp
[0.653s] -- Up-to-date: /home/ak47k98/PycharmProjects/ros2_v8/install/ros2_yolo_msgs/include/ros2_yolo_msgs/ros2_yolo_msgs/msg/detail/detected_box__builder.hpp
[0.654s] -- Up-to-date: /home/ak47k98/PycharmProjects/ros2_v8/install/ros2_yolo_msgs/include/ros2_yolo_msgs/ros2_yolo_msgs
[0.654s] -- Up-to-date: /home/ak47k98/PycharmProjects/ros2_v8/install/ros2_yolo_msgs/include/ros2_yolo_msgs/ros2_yolo_msgs/msg
[0.654s] -- Up-to-date: /home/ak47k98/PycharmProjects/ros2_v8/install/ros2_yolo_msgs/include/ros2_yolo_msgs/ros2_yolo_msgs/msg/rosidl_typesupport_fastrtps_cpp__visibility_control.h
[0.654s] -- Up-to-date: /home/ak47k98/PycharmProjects/ros2_v8/install/ros2_yolo_msgs/include/ros2_yolo_msgs/ros2_yolo_msgs/msg/detail
[0.654s] -- Up-to-date: /home/ak47k98/PycharmProjects/ros2_v8/install/ros2_yolo_msgs/include/ros2_yolo_msgs/ros2_yolo_msgs/msg/detail/dds_fastrtps
[0.654s] -- Up-to-date: /home/ak47k98/PycharmProjects/ros2_v8/install/ros2_yolo_msgs/include/ros2_yolo_msgs/ros2_yolo_msgs/msg/detail/detected_box__rosidl_typesupport_fastrtps_cpp.hpp
[0.655s] -- Up-to-date: /home/ak47k98/PycharmProjects/ros2_v8/install/ros2_yolo_msgs/lib/libros2_yolo_msgs__rosidl_typesupport_fastrtps_cpp.so
[0.655s] -- Up-to-date: /home/ak47k98/PycharmProjects/ros2_v8/install/ros2_yolo_msgs/include/ros2_yolo_msgs/ros2_yolo_msgs
[0.655s] -- Up-to-date: /home/ak47k98/PycharmProjects/ros2_v8/install/ros2_yolo_msgs/include/ros2_yolo_msgs/ros2_yolo_msgs/msg
[0.655s] -- Up-to-date: /home/ak47k98/PycharmProjects/ros2_v8/install/ros2_yolo_msgs/include/ros2_yolo_msgs/ros2_yolo_msgs/msg/detail
[0.655s] -- Up-to-date: /home/ak47k98/PycharmProjects/ros2_v8/install/ros2_yolo_msgs/include/ros2_yolo_msgs/ros2_yolo_msgs/msg/detail/detected_box__type_support.cpp
[0.655s] -- Up-to-date: /home/ak47k98/PycharmProjects/ros2_v8/install/ros2_yolo_msgs/include/ros2_yolo_msgs/ros2_yolo_msgs/msg/detail/detected_box__rosidl_typesupport_introspection_cpp.hpp
[0.656s] -- Up-to-date: /home/ak47k98/PycharmProjects/ros2_v8/install/ros2_yolo_msgs/lib/libros2_yolo_msgs__rosidl_typesupport_introspection_cpp.so
[0.656s] -- Up-to-date: /home/ak47k98/PycharmProjects/ros2_v8/install/ros2_yolo_msgs/lib/libros2_yolo_msgs__rosidl_typesupport_cpp.so
[0.656s] -- Up-to-date: /home/ak47k98/PycharmProjects/ros2_v8/install/ros2_yolo_msgs/share/ros2_yolo_msgs/environment/pythonpath.sh
[0.656s] -- Up-to-date: /home/ak47k98/PycharmProjects/ros2_v8/install/ros2_yolo_msgs/share/ros2_yolo_msgs/environment/pythonpath.dsv
[0.656s] -- Up-to-date: /home/ak47k98/PycharmProjects/ros2_v8/install/ros2_yolo_msgs/lib/python3.10/site-packages/ros2_yolo_msgs-0.0.0-py3.10.egg-info
[0.656s] -- Installing: /home/ak47k98/PycharmProjects/ros2_v8/install/ros2_yolo_msgs/lib/python3.10/site-packages/ros2_yolo_msgs-0.0.0-py3.10.egg-info/PKG-INFO
[0.656s] -- Installing: /home/ak47k98/PycharmProjects/ros2_v8/install/ros2_yolo_msgs/lib/python3.10/site-packages/ros2_yolo_msgs-0.0.0-py3.10.egg-info/dependency_links.txt
[0.656s] -- Installing: /home/ak47k98/PycharmProjects/ros2_v8/install/ros2_yolo_msgs/lib/python3.10/site-packages/ros2_yolo_msgs-0.0.0-py3.10.egg-info/top_level.txt
[0.657s] -- Installing: /home/ak47k98/PycharmProjects/ros2_v8/install/ros2_yolo_msgs/lib/python3.10/site-packages/ros2_yolo_msgs-0.0.0-py3.10.egg-info/SOURCES.txt
[0.657s] -- Up-to-date: /home/ak47k98/PycharmProjects/ros2_v8/install/ros2_yolo_msgs/lib/python3.10/site-packages/ros2_yolo_msgs
[0.657s] -- Up-to-date: /home/ak47k98/PycharmProjects/ros2_v8/install/ros2_yolo_msgs/lib/python3.10/site-packages/ros2_yolo_msgs/ros2_yolo_msgs_s__rosidl_typesupport_c.cpython-310-x86_64-linux-gnu.so
[0.657s] -- Up-to-date: /home/ak47k98/PycharmProjects/ros2_v8/install/ros2_yolo_msgs/lib/python3.10/site-packages/ros2_yolo_msgs/ros2_yolo_msgs_s__rosidl_typesupport_fastrtps_c.cpython-310-x86_64-linux-gnu.so
[0.657s] -- Up-to-date: /home/ak47k98/PycharmProjects/ros2_v8/install/ros2_yolo_msgs/lib/python3.10/site-packages/ros2_yolo_msgs/libros2_yolo_msgs__rosidl_generator_py.so
[0.657s] -- Up-to-date: /home/ak47k98/PycharmProjects/ros2_v8/install/ros2_yolo_msgs/lib/python3.10/site-packages/ros2_yolo_msgs/_ros2_yolo_msgs_s.ep.rosidl_typesupport_introspection_c.c
[0.657s] -- Up-to-date: /home/ak47k98/PycharmProjects/ros2_v8/install/ros2_yolo_msgs/lib/python3.10/site-packages/ros2_yolo_msgs/_ros2_yolo_msgs_s.ep.rosidl_typesupport_fastrtps_c.c
[0.657s] -- Up-to-date: /home/ak47k98/PycharmProjects/ros2_v8/install/ros2_yolo_msgs/lib/python3.10/site-packages/ros2_yolo_msgs/msg
[0.658s] -- Up-to-date: /home/ak47k98/PycharmProjects/ros2_v8/install/ros2_yolo_msgs/lib/python3.10/site-packages/ros2_yolo_msgs/msg/_detected_box.py
[0.658s] -- Up-to-date: /home/ak47k98/PycharmProjects/ros2_v8/install/ros2_yolo_msgs/lib/python3.10/site-packages/ros2_yolo_msgs/msg/_detected_box_s.c
[0.658s] -- Up-to-date: /home/ak47k98/PycharmProjects/ros2_v8/install/ros2_yolo_msgs/lib/python3.10/site-packages/ros2_yolo_msgs/msg/__init__.py
[0.658s] -- Up-to-date: /home/ak47k98/PycharmProjects/ros2_v8/install/ros2_yolo_msgs/lib/python3.10/site-packages/ros2_yolo_msgs/_ros2_yolo_msgs_s.ep.rosidl_typesupport_c.c
[0.658s] -- Up-to-date: /home/ak47k98/PycharmProjects/ros2_v8/install/ros2_yolo_msgs/lib/python3.10/site-packages/ros2_yolo_msgs/__init__.py
[0.658s] -- Up-to-date: /home/ak47k98/PycharmProjects/ros2_v8/install/ros2_yolo_msgs/lib/python3.10/site-packages/ros2_yolo_msgs/ros2_yolo_msgs_s__rosidl_typesupport_introspection_c.cpython-310-x86_64-linux-gnu.so
[0.695s] Listing '/home/ak47k98/PycharmProjects/ros2_v8/install/ros2_yolo_msgs/lib/python3.10/site-packages/ros2_yolo_msgs'...
[0.695s] Listing '/home/ak47k98/PycharmProjects/ros2_v8/install/ros2_yolo_msgs/lib/python3.10/site-packages/ros2_yolo_msgs/msg'...
[0.700s] -- Up-to-date: /home/ak47k98/PycharmProjects/ros2_v8/install/ros2_yolo_msgs/lib/python3.10/site-packages/ros2_yolo_msgs/ros2_yolo_msgs_s__rosidl_typesupport_fastrtps_c.cpython-310-x86_64-linux-gnu.so
[0.700s] -- Up-to-date: /home/ak47k98/PycharmProjects/ros2_v8/install/ros2_yolo_msgs/lib/python3.10/site-packages/ros2_yolo_msgs/ros2_yolo_msgs_s__rosidl_typesupport_introspection_c.cpython-310-x86_64-linux-gnu.so
[0.701s] -- Up-to-date: /home/ak47k98/PycharmProjects/ros2_v8/install/ros2_yolo_msgs/lib/python3.10/site-packages/ros2_yolo_msgs/ros2_yolo_msgs_s__rosidl_typesupport_c.cpython-310-x86_64-linux-gnu.so
[0.701s] -- Up-to-date: /home/ak47k98/PycharmProjects/ros2_v8/install/ros2_yolo_msgs/lib/libros2_yolo_msgs__rosidl_generator_py.so
[0.701s] -- Up-to-date: /home/ak47k98/PycharmProjects/ros2_v8/install/ros2_yolo_msgs/share/ros2_yolo_msgs/msg/DetectedBox.idl
[0.701s] -- Up-to-date: /home/ak47k98/PycharmProjects/ros2_v8/install/ros2_yolo_msgs/share/ros2_yolo_msgs/msg/DetectedBox.msg
[0.702s] -- Up-to-date: /home/ak47k98/PycharmProjects/ros2_v8/install/ros2_yolo_msgs/share/ament_index/resource_index/package_run_dependencies/ros2_yolo_msgs
[0.702s] -- Up-to-date: /home/ak47k98/PycharmProjects/ros2_v8/install/ros2_yolo_msgs/share/ament_index/resource_index/parent_prefix_path/ros2_yolo_msgs
[0.702s] -- Up-to-date: /home/ak47k98/PycharmProjects/ros2_v8/install/ros2_yolo_msgs/share/ros2_yolo_msgs/environment/ament_prefix_path.sh
[0.702s] -- Up-to-date: /home/ak47k98/PycharmProjects/ros2_v8/install/ros2_yolo_msgs/share/ros2_yolo_msgs/environment/ament_prefix_path.dsv
[0.702s] -- Up-to-date: /home/ak47k98/PycharmProjects/ros2_v8/install/ros2_yolo_msgs/share/ros2_yolo_msgs/environment/path.sh
[0.702s] -- Up-to-date: /home/ak47k98/PycharmProjects/ros2_v8/install/ros2_yolo_msgs/share/ros2_yolo_msgs/environment/path.dsv
[0.703s] -- Up-to-date: /home/ak47k98/PycharmProjects/ros2_v8/install/ros2_yolo_msgs/share/ros2_yolo_msgs/local_setup.bash
[0.703s] -- Up-to-date: /home/ak47k98/PycharmProjects/ros2_v8/install/ros2_yolo_msgs/share/ros2_yolo_msgs/local_setup.sh
[0.703s] -- Up-to-date: /home/ak47k98/PycharmProjects/ros2_v8/install/ros2_yolo_msgs/share/ros2_yolo_msgs/local_setup.zsh
[0.703s] -- Up-to-date: /home/ak47k98/PycharmProjects/ros2_v8/install/ros2_yolo_msgs/share/ros2_yolo_msgs/local_setup.dsv
[0.703s] -- Installing: /home/ak47k98/PycharmProjects/ros2_v8/install/ros2_yolo_msgs/share/ros2_yolo_msgs/package.dsv
[0.703s] -- Up-to-date: /home/ak47k98/PycharmProjects/ros2_v8/install/ros2_yolo_msgs/share/ament_index/resource_index/packages/ros2_yolo_msgs
[0.703s] -- Up-to-date: /home/ak47k98/PycharmProjects/ros2_v8/install/ros2_yolo_msgs/share/ros2_yolo_msgs/cmake/export_ros2_yolo_msgs__rosidl_generator_cExport.cmake
[0.703s] -- Up-to-date: /home/ak47k98/PycharmProjects/ros2_v8/install/ros2_yolo_msgs/share/ros2_yolo_msgs/cmake/export_ros2_yolo_msgs__rosidl_generator_cExport-noconfig.cmake
[0.704s] -- Up-to-date: /home/ak47k98/PycharmProjects/ros2_v8/install/ros2_yolo_msgs/share/ros2_yolo_msgs/cmake/export_ros2_yolo_msgs__rosidl_typesupport_fastrtps_cExport.cmake
[0.704s] -- Up-to-date: /home/ak47k98/PycharmProjects/ros2_v8/install/ros2_yolo_msgs/share/ros2_yolo_msgs/cmake/export_ros2_yolo_msgs__rosidl_typesupport_fastrtps_cExport-noconfig.cmake
[0.704s] -- Up-to-date: /home/ak47k98/PycharmProjects/ros2_v8/install/ros2_yolo_msgs/share/ros2_yolo_msgs/cmake/ros2_yolo_msgs__rosidl_typesupport_introspection_cExport.cmake
[0.704s] -- Up-to-date: /home/ak47k98/PycharmProjects/ros2_v8/install/ros2_yolo_msgs/share/ros2_yolo_msgs/cmake/ros2_yolo_msgs__rosidl_typesupport_introspection_cExport-noconfig.cmake
[0.704s] -- Up-to-date: /home/ak47k98/PycharmProjects/ros2_v8/install/ros2_yolo_msgs/share/ros2_yolo_msgs/cmake/ros2_yolo_msgs__rosidl_typesupport_cExport.cmake
[0.704s] -- Up-to-date: /home/ak47k98/PycharmProjects/ros2_v8/install/ros2_yolo_msgs/share/ros2_yolo_msgs/cmake/ros2_yolo_msgs__rosidl_typesupport_cExport-noconfig.cmake
[0.705s] -- Up-to-date: /home/ak47k98/PycharmProjects/ros2_v8/install/ros2_yolo_msgs/share/ros2_yolo_msgs/cmake/export_ros2_yolo_msgs__rosidl_generator_cppExport.cmake
[0.705s] -- Up-to-date: /home/ak47k98/PycharmProjects/ros2_v8/install/ros2_yolo_msgs/share/ros2_yolo_msgs/cmake/export_ros2_yolo_msgs__rosidl_typesupport_fastrtps_cppExport.cmake
[0.705s] -- Up-to-date: /home/ak47k98/PycharmProjects/ros2_v8/install/ros2_yolo_msgs/share/ros2_yolo_msgs/cmake/export_ros2_yolo_msgs__rosidl_typesupport_fastrtps_cppExport-noconfig.cmake
[0.705s] -- Up-to-date: /home/ak47k98/PycharmProjects/ros2_v8/install/ros2_yolo_msgs/share/ros2_yolo_msgs/cmake/ros2_yolo_msgs__rosidl_typesupport_introspection_cppExport.cmake
[0.705s] -- Up-to-date: /home/ak47k98/PycharmProjects/ros2_v8/install/ros2_yolo_msgs/share/ros2_yolo_msgs/cmake/ros2_yolo_msgs__rosidl_typesupport_introspection_cppExport-noconfig.cmake
[0.705s] -- Up-to-date: /home/ak47k98/PycharmProjects/ros2_v8/install/ros2_yolo_msgs/share/ros2_yolo_msgs/cmake/ros2_yolo_msgs__rosidl_typesupport_cppExport.cmake
[0.705s] -- Up-to-date: /home/ak47k98/PycharmProjects/ros2_v8/install/ros2_yolo_msgs/share/ros2_yolo_msgs/cmake/ros2_yolo_msgs__rosidl_typesupport_cppExport-noconfig.cmake
[0.705s] -- Up-to-date: /home/ak47k98/PycharmProjects/ros2_v8/install/ros2_yolo_msgs/share/ros2_yolo_msgs/cmake/export_ros2_yolo_msgs__rosidl_generator_pyExport.cmake
[0.705s] -- Up-to-date: /home/ak47k98/PycharmProjects/ros2_v8/install/ros2_yolo_msgs/share/ros2_yolo_msgs/cmake/export_ros2_yolo_msgs__rosidl_generator_pyExport-noconfig.cmake
[0.705s] -- Up-to-date: /home/ak47k98/PycharmProjects/ros2_v8/install/ros2_yolo_msgs/share/ros2_yolo_msgs/cmake/rosidl_cmake-extras.cmake
[0.705s] -- Up-to-date: /home/ak47k98/PycharmProjects/ros2_v8/install/ros2_yolo_msgs/share/ros2_yolo_msgs/cmake/ament_cmake_export_dependencies-extras.cmake
[0.705s] -- Up-to-date: /home/ak47k98/PycharmProjects/ros2_v8/install/ros2_yolo_msgs/share/ros2_yolo_msgs/cmake/ament_cmake_export_include_directories-extras.cmake
[0.705s] -- Up-to-date: /home/ak47k98/PycharmProjects/ros2_v8/install/ros2_yolo_msgs/share/ros2_yolo_msgs/cmake/ament_cmake_export_libraries-extras.cmake
[0.705s] -- Up-to-date: /home/ak47k98/PycharmProjects/ros2_v8/install/ros2_yolo_msgs/share/ros2_yolo_msgs/cmake/ament_cmake_export_targets-extras.cmake
[0.706s] -- Up-to-date: /home/ak47k98/PycharmProjects/ros2_v8/install/ros2_yolo_msgs/share/ros2_yolo_msgs/cmake/rosidl_cmake_export_typesupport_targets-extras.cmake
[0.706s] -- Up-to-date: /home/ak47k98/PycharmProjects/ros2_v8/install/ros2_yolo_msgs/share/ros2_yolo_msgs/cmake/rosidl_cmake_export_typesupport_libraries-extras.cmake
[0.706s] -- Up-to-date: /home/ak47k98/PycharmProjects/ros2_v8/install/ros2_yolo_msgs/share/ros2_yolo_msgs/cmake/ros2_yolo_msgsConfig.cmake
[0.706s] -- Up-to-date: /home/ak47k98/PycharmProjects/ros2_v8/install/ros2_yolo_msgs/share/ros2_yolo_msgs/cmake/ros2_yolo_msgsConfig-version.cmake
[0.706s] -- Up-to-date: /home/ak47k98/PycharmProjects/ros2_v8/install/ros2_yolo_msgs/share/ros2_yolo_msgs/package.xml
[0.706s] Invoked command in '/home/ak47k98/PycharmProjects/ros2_v8/build/ros2_yolo_msgs' returned '0': CONDA_PROMPT_MODIFIER=(yolov8_10) /usr/bin/cmake --install /home/ak47k98/PycharmProjects/ros2_v8/build/ros2_yolo_msgs
