[  3%] [34m[1mGenerating C code for ROS interfaces[0m
[  6%] [34m[1mGenerating C++ code for ROS interfaces[0m
[  6%] Built target ament_cmake_python_copy_ros2_yolo_msgs
running egg_info
writing ros2_yolo_msgs.egg-info/PKG-INFO
writing dependency_links to ros2_yolo_msgs.egg-info/dependency_links.txt
writing top-level names to ros2_yolo_msgs.egg-info/top_level.txt
[  6%] Built target ros2_yolo_msgs__cpp
[  9%] [32mBuilding C object CMakeFiles/ros2_yolo_msgs__rosidl_generator_c.dir/rosidl_generator_c/ros2_yolo_msgs/msg/detail/detected_box__functions.c.o[0m
reading manifest file 'ros2_yolo_msgs.egg-info/SOURCES.txt'
writing manifest file 'ros2_yolo_msgs.egg-info/SOURCES.txt'
[ 12%] [34m[1mGenerating C++ introspection for ROS interfaces[0m
[ 16%] [34m[1mGenerating C++ type support dispatch for ROS interfaces[0m
[ 19%] [34m[1mGenerating C++ type support for eProsima Fast-RTPS[0m
[ 19%] Built target ament_cmake_python_build_ros2_yolo_msgs_egg
[ 22%] [32m[1mLinking C shared library libros2_yolo_msgs__rosidl_generator_c.so[0m
[ 22%] Built target ros2_yolo_msgs__rosidl_generator_c
[ 25%] [34m[1mGenerating C type support dispatch for ROS interfaces[0m
[ 29%] [34m[1mGenerating C type support for eProsima Fast-RTPS[0m
[ 32%] [34m[1mGenerating C introspection for ROS interfaces[0m
[ 35%] [32mBuilding CXX object CMakeFiles/ros2_yolo_msgs__rosidl_typesupport_cpp.dir/rosidl_typesupport_cpp/ros2_yolo_msgs/msg/detected_box__type_support.cpp.o[0m
[ 38%] [32mBuilding CXX object CMakeFiles/ros2_yolo_msgs__rosidl_typesupport_fastrtps_cpp.dir/rosidl_typesupport_fastrtps_cpp/ros2_yolo_msgs/msg/detail/dds_fastrtps/detected_box__type_support.cpp.o[0m
[ 41%] [32mBuilding CXX object CMakeFiles/ros2_yolo_msgs__rosidl_typesupport_introspection_cpp.dir/rosidl_typesupport_introspection_cpp/ros2_yolo_msgs/msg/detail/detected_box__type_support.cpp.o[0m
[ 45%] [32mBuilding CXX object CMakeFiles/ros2_yolo_msgs__rosidl_typesupport_c.dir/rosidl_typesupport_c/ros2_yolo_msgs/msg/detected_box__type_support.cpp.o[0m
[ 48%] [32mBuilding C object CMakeFiles/ros2_yolo_msgs__rosidl_typesupport_introspection_c.dir/rosidl_typesupport_introspection_c/ros2_yolo_msgs/msg/detail/detected_box__type_support.c.o[0m
[ 51%] [32m[1mLinking CXX shared library libros2_yolo_msgs__rosidl_typesupport_c.so[0m
[ 54%] [32m[1mLinking C shared library libros2_yolo_msgs__rosidl_typesupport_introspection_c.so[0m
[ 54%] Built target ros2_yolo_msgs__rosidl_typesupport_c
[ 54%] Built target ros2_yolo_msgs__rosidl_typesupport_introspection_c
[ 58%] [32mBuilding CXX object CMakeFiles/ros2_yolo_msgs__rosidl_typesupport_fastrtps_c.dir/rosidl_typesupport_fastrtps_c/ros2_yolo_msgs/msg/detail/detected_box__type_support_c.cpp.o[0m
[ 61%] [32m[1mLinking CXX shared library libros2_yolo_msgs__rosidl_typesupport_cpp.so[0m
[ 61%] Built target ros2_yolo_msgs__rosidl_typesupport_cpp
[ 64%] [32m[1mLinking CXX shared library libros2_yolo_msgs__rosidl_typesupport_introspection_cpp.so[0m
[ 67%] [32m[1mLinking CXX shared library libros2_yolo_msgs__rosidl_typesupport_fastrtps_cpp.so[0m
[ 67%] Built target ros2_yolo_msgs__rosidl_typesupport_introspection_cpp
[ 67%] Built target ros2_yolo_msgs__rosidl_typesupport_fastrtps_cpp
[ 70%] [32m[1mLinking CXX shared library libros2_yolo_msgs__rosidl_typesupport_fastrtps_c.so[0m
[ 70%] Built target ros2_yolo_msgs__rosidl_typesupport_fastrtps_c
[ 70%] Built target ros2_yolo_msgs
[ 74%] [34m[1mGenerating Python code for ROS interfaces[0m
[ 74%] Built target ros2_yolo_msgs__py
[ 77%] [32mBuilding C object CMakeFiles/ros2_yolo_msgs__rosidl_generator_py.dir/rosidl_generator_py/ros2_yolo_msgs/msg/_detected_box_s.c.o[0m
[ 80%] [32m[1mLinking C shared library rosidl_generator_py/ros2_yolo_msgs/libros2_yolo_msgs__rosidl_generator_py.so[0m
[ 80%] Built target ros2_yolo_msgs__rosidl_generator_py
[ 87%] [32mBuilding C object CMakeFiles/ros2_yolo_msgs__rosidl_typesupport_introspection_c__pyext.dir/rosidl_generator_py/ros2_yolo_msgs/_ros2_yolo_msgs_s.ep.rosidl_typesupport_introspection_c.c.o[0m
[ 87%] [32mBuilding C object CMakeFiles/ros2_yolo_msgs__rosidl_typesupport_c__pyext.dir/rosidl_generator_py/ros2_yolo_msgs/_ros2_yolo_msgs_s.ep.rosidl_typesupport_c.c.o[0m
[ 90%] [32mBuilding C object CMakeFiles/ros2_yolo_msgs__rosidl_typesupport_fastrtps_c__pyext.dir/rosidl_generator_py/ros2_yolo_msgs/_ros2_yolo_msgs_s.ep.rosidl_typesupport_fastrtps_c.c.o[0m
[ 93%] [32m[1mLinking C shared library rosidl_generator_py/ros2_yolo_msgs/ros2_yolo_msgs_s__rosidl_typesupport_c.cpython-310-x86_64-linux-gnu.so[0m
[ 96%] [32m[1mLinking C shared library rosidl_generator_py/ros2_yolo_msgs/ros2_yolo_msgs_s__rosidl_typesupport_fastrtps_c.cpython-310-x86_64-linux-gnu.so[0m
[100%] [32m[1mLinking C shared library rosidl_generator_py/ros2_yolo_msgs/ros2_yolo_msgs_s__rosidl_typesupport_introspection_c.cpython-310-x86_64-linux-gnu.so[0m
[100%] Built target ros2_yolo_msgs__rosidl_typesupport_c__pyext
[100%] Built target ros2_yolo_msgs__rosidl_typesupport_fastrtps_c__pyext
[100%] Built target ros2_yolo_msgs__rosidl_typesupport_introspection_c__pyext
-- Install configuration: ""
-- Installing: /home/ak47k98/PycharmProjects/ros2_v8/install/ros2_yolo_msgs/share/ament_index/resource_index/rosidl_interfaces/ros2_yolo_msgs
-- Installing: /home/ak47k98/PycharmProjects/ros2_v8/install/ros2_yolo_msgs/include/ros2_yolo_msgs/ros2_yolo_msgs
-- Installing: /home/ak47k98/PycharmProjects/ros2_v8/install/ros2_yolo_msgs/include/ros2_yolo_msgs/ros2_yolo_msgs/msg
-- Installing: /home/ak47k98/PycharmProjects/ros2_v8/install/ros2_yolo_msgs/include/ros2_yolo_msgs/ros2_yolo_msgs/msg/detected_box.h
-- Installing: /home/ak47k98/PycharmProjects/ros2_v8/install/ros2_yolo_msgs/include/ros2_yolo_msgs/ros2_yolo_msgs/msg/rosidl_generator_c__visibility_control.h
-- Installing: /home/ak47k98/PycharmProjects/ros2_v8/install/ros2_yolo_msgs/include/ros2_yolo_msgs/ros2_yolo_msgs/msg/detail
-- Installing: /home/ak47k98/PycharmProjects/ros2_v8/install/ros2_yolo_msgs/include/ros2_yolo_msgs/ros2_yolo_msgs/msg/detail/detected_box__functions.c
-- Installing: /home/ak47k98/PycharmProjects/ros2_v8/install/ros2_yolo_msgs/include/ros2_yolo_msgs/ros2_yolo_msgs/msg/detail/detected_box__struct.h
-- Installing: /home/ak47k98/PycharmProjects/ros2_v8/install/ros2_yolo_msgs/include/ros2_yolo_msgs/ros2_yolo_msgs/msg/detail/detected_box__type_support.h
-- Installing: /home/ak47k98/PycharmProjects/ros2_v8/install/ros2_yolo_msgs/include/ros2_yolo_msgs/ros2_yolo_msgs/msg/detail/detected_box__functions.h
-- Installing: /home/ak47k98/PycharmProjects/ros2_v8/install/ros2_yolo_msgs/share/ros2_yolo_msgs/environment/library_path.sh
-- Installing: /home/ak47k98/PycharmProjects/ros2_v8/install/ros2_yolo_msgs/share/ros2_yolo_msgs/environment/library_path.dsv
-- Installing: /home/ak47k98/PycharmProjects/ros2_v8/install/ros2_yolo_msgs/lib/libros2_yolo_msgs__rosidl_generator_c.so
-- Set runtime path of "/home/ak47k98/PycharmProjects/ros2_v8/install/ros2_yolo_msgs/lib/libros2_yolo_msgs__rosidl_generator_c.so" to ""
-- Up-to-date: /home/ak47k98/PycharmProjects/ros2_v8/install/ros2_yolo_msgs/include/ros2_yolo_msgs/ros2_yolo_msgs
-- Up-to-date: /home/ak47k98/PycharmProjects/ros2_v8/install/ros2_yolo_msgs/include/ros2_yolo_msgs/ros2_yolo_msgs/msg
-- Installing: /home/ak47k98/PycharmProjects/ros2_v8/install/ros2_yolo_msgs/include/ros2_yolo_msgs/ros2_yolo_msgs/msg/rosidl_typesupport_fastrtps_c__visibility_control.h
-- Up-to-date: /home/ak47k98/PycharmProjects/ros2_v8/install/ros2_yolo_msgs/include/ros2_yolo_msgs/ros2_yolo_msgs/msg/detail
-- Installing: /home/ak47k98/PycharmProjects/ros2_v8/install/ros2_yolo_msgs/include/ros2_yolo_msgs/ros2_yolo_msgs/msg/detail/detected_box__rosidl_typesupport_fastrtps_c.h
-- Installing: /home/ak47k98/PycharmProjects/ros2_v8/install/ros2_yolo_msgs/lib/libros2_yolo_msgs__rosidl_typesupport_fastrtps_c.so
-- Set runtime path of "/home/ak47k98/PycharmProjects/ros2_v8/install/ros2_yolo_msgs/lib/libros2_yolo_msgs__rosidl_typesupport_fastrtps_c.so" to ""
-- Up-to-date: /home/ak47k98/PycharmProjects/ros2_v8/install/ros2_yolo_msgs/include/ros2_yolo_msgs/ros2_yolo_msgs
-- Up-to-date: /home/ak47k98/PycharmProjects/ros2_v8/install/ros2_yolo_msgs/include/ros2_yolo_msgs/ros2_yolo_msgs/msg
-- Installing: /home/ak47k98/PycharmProjects/ros2_v8/install/ros2_yolo_msgs/include/ros2_yolo_msgs/ros2_yolo_msgs/msg/rosidl_typesupport_introspection_c__visibility_control.h
-- Up-to-date: /home/ak47k98/PycharmProjects/ros2_v8/install/ros2_yolo_msgs/include/ros2_yolo_msgs/ros2_yolo_msgs/msg/detail
-- Installing: /home/ak47k98/PycharmProjects/ros2_v8/install/ros2_yolo_msgs/include/ros2_yolo_msgs/ros2_yolo_msgs/msg/detail/detected_box__rosidl_typesupport_introspection_c.h
-- Installing: /home/ak47k98/PycharmProjects/ros2_v8/install/ros2_yolo_msgs/include/ros2_yolo_msgs/ros2_yolo_msgs/msg/detail/detected_box__type_support.c
-- Installing: /home/ak47k98/PycharmProjects/ros2_v8/install/ros2_yolo_msgs/lib/libros2_yolo_msgs__rosidl_typesupport_introspection_c.so
-- Set runtime path of "/home/ak47k98/PycharmProjects/ros2_v8/install/ros2_yolo_msgs/lib/libros2_yolo_msgs__rosidl_typesupport_introspection_c.so" to ""
-- Installing: /home/ak47k98/PycharmProjects/ros2_v8/install/ros2_yolo_msgs/lib/libros2_yolo_msgs__rosidl_typesupport_c.so
-- Set runtime path of "/home/ak47k98/PycharmProjects/ros2_v8/install/ros2_yolo_msgs/lib/libros2_yolo_msgs__rosidl_typesupport_c.so" to ""
-- Up-to-date: /home/ak47k98/PycharmProjects/ros2_v8/install/ros2_yolo_msgs/include/ros2_yolo_msgs/ros2_yolo_msgs
-- Up-to-date: /home/ak47k98/PycharmProjects/ros2_v8/install/ros2_yolo_msgs/include/ros2_yolo_msgs/ros2_yolo_msgs/msg
-- Installing: /home/ak47k98/PycharmProjects/ros2_v8/install/ros2_yolo_msgs/include/ros2_yolo_msgs/ros2_yolo_msgs/msg/detected_box.hpp
-- Up-to-date: /home/ak47k98/PycharmProjects/ros2_v8/install/ros2_yolo_msgs/include/ros2_yolo_msgs/ros2_yolo_msgs/msg/detail
-- Installing: /home/ak47k98/PycharmProjects/ros2_v8/install/ros2_yolo_msgs/include/ros2_yolo_msgs/ros2_yolo_msgs/msg/detail/detected_box__struct.hpp
-- Installing: /home/ak47k98/PycharmProjects/ros2_v8/install/ros2_yolo_msgs/include/ros2_yolo_msgs/ros2_yolo_msgs/msg/detail/detected_box__traits.hpp
-- Installing: /home/ak47k98/PycharmProjects/ros2_v8/install/ros2_yolo_msgs/include/ros2_yolo_msgs/ros2_yolo_msgs/msg/detail/detected_box__builder.hpp
-- Up-to-date: /home/ak47k98/PycharmProjects/ros2_v8/install/ros2_yolo_msgs/include/ros2_yolo_msgs/ros2_yolo_msgs
-- Up-to-date: /home/ak47k98/PycharmProjects/ros2_v8/install/ros2_yolo_msgs/include/ros2_yolo_msgs/ros2_yolo_msgs/msg
-- Installing: /home/ak47k98/PycharmProjects/ros2_v8/install/ros2_yolo_msgs/include/ros2_yolo_msgs/ros2_yolo_msgs/msg/rosidl_typesupport_fastrtps_cpp__visibility_control.h
-- Up-to-date: /home/ak47k98/PycharmProjects/ros2_v8/install/ros2_yolo_msgs/include/ros2_yolo_msgs/ros2_yolo_msgs/msg/detail
-- Installing: /home/ak47k98/PycharmProjects/ros2_v8/install/ros2_yolo_msgs/include/ros2_yolo_msgs/ros2_yolo_msgs/msg/detail/dds_fastrtps
-- Installing: /home/ak47k98/PycharmProjects/ros2_v8/install/ros2_yolo_msgs/include/ros2_yolo_msgs/ros2_yolo_msgs/msg/detail/detected_box__rosidl_typesupport_fastrtps_cpp.hpp
-- Installing: /home/ak47k98/PycharmProjects/ros2_v8/install/ros2_yolo_msgs/lib/libros2_yolo_msgs__rosidl_typesupport_fastrtps_cpp.so
-- Set runtime path of "/home/ak47k98/PycharmProjects/ros2_v8/install/ros2_yolo_msgs/lib/libros2_yolo_msgs__rosidl_typesupport_fastrtps_cpp.so" to ""
-- Up-to-date: /home/ak47k98/PycharmProjects/ros2_v8/install/ros2_yolo_msgs/include/ros2_yolo_msgs/ros2_yolo_msgs
-- Up-to-date: /home/ak47k98/PycharmProjects/ros2_v8/install/ros2_yolo_msgs/include/ros2_yolo_msgs/ros2_yolo_msgs/msg
-- Up-to-date: /home/ak47k98/PycharmProjects/ros2_v8/install/ros2_yolo_msgs/include/ros2_yolo_msgs/ros2_yolo_msgs/msg/detail
-- Installing: /home/ak47k98/PycharmProjects/ros2_v8/install/ros2_yolo_msgs/include/ros2_yolo_msgs/ros2_yolo_msgs/msg/detail/detected_box__type_support.cpp
-- Installing: /home/ak47k98/PycharmProjects/ros2_v8/install/ros2_yolo_msgs/include/ros2_yolo_msgs/ros2_yolo_msgs/msg/detail/detected_box__rosidl_typesupport_introspection_cpp.hpp
-- Installing: /home/ak47k98/PycharmProjects/ros2_v8/install/ros2_yolo_msgs/lib/libros2_yolo_msgs__rosidl_typesupport_introspection_cpp.so
-- Set runtime path of "/home/ak47k98/PycharmProjects/ros2_v8/install/ros2_yolo_msgs/lib/libros2_yolo_msgs__rosidl_typesupport_introspection_cpp.so" to ""
-- Installing: /home/ak47k98/PycharmProjects/ros2_v8/install/ros2_yolo_msgs/lib/libros2_yolo_msgs__rosidl_typesupport_cpp.so
-- Set runtime path of "/home/ak47k98/PycharmProjects/ros2_v8/install/ros2_yolo_msgs/lib/libros2_yolo_msgs__rosidl_typesupport_cpp.so" to ""
-- Installing: /home/ak47k98/PycharmProjects/ros2_v8/install/ros2_yolo_msgs/share/ros2_yolo_msgs/environment/pythonpath.sh
-- Installing: /home/ak47k98/PycharmProjects/ros2_v8/install/ros2_yolo_msgs/share/ros2_yolo_msgs/environment/pythonpath.dsv
-- Installing: /home/ak47k98/PycharmProjects/ros2_v8/install/ros2_yolo_msgs/lib/python3.10/site-packages/ros2_yolo_msgs-0.0.0-py3.10.egg-info
-- Installing: /home/ak47k98/PycharmProjects/ros2_v8/install/ros2_yolo_msgs/lib/python3.10/site-packages/ros2_yolo_msgs-0.0.0-py3.10.egg-info/PKG-INFO
-- Installing: /home/ak47k98/PycharmProjects/ros2_v8/install/ros2_yolo_msgs/lib/python3.10/site-packages/ros2_yolo_msgs-0.0.0-py3.10.egg-info/dependency_links.txt
-- Installing: /home/ak47k98/PycharmProjects/ros2_v8/install/ros2_yolo_msgs/lib/python3.10/site-packages/ros2_yolo_msgs-0.0.0-py3.10.egg-info/top_level.txt
-- Installing: /home/ak47k98/PycharmProjects/ros2_v8/install/ros2_yolo_msgs/lib/python3.10/site-packages/ros2_yolo_msgs-0.0.0-py3.10.egg-info/SOURCES.txt
-- Installing: /home/ak47k98/PycharmProjects/ros2_v8/install/ros2_yolo_msgs/lib/python3.10/site-packages/ros2_yolo_msgs
-- Installing: /home/ak47k98/PycharmProjects/ros2_v8/install/ros2_yolo_msgs/lib/python3.10/site-packages/ros2_yolo_msgs/ros2_yolo_msgs_s__rosidl_typesupport_c.cpython-310-x86_64-linux-gnu.so
-- Installing: /home/ak47k98/PycharmProjects/ros2_v8/install/ros2_yolo_msgs/lib/python3.10/site-packages/ros2_yolo_msgs/ros2_yolo_msgs_s__rosidl_typesupport_fastrtps_c.cpython-310-x86_64-linux-gnu.so
-- Installing: /home/ak47k98/PycharmProjects/ros2_v8/install/ros2_yolo_msgs/lib/python3.10/site-packages/ros2_yolo_msgs/libros2_yolo_msgs__rosidl_generator_py.so
-- Installing: /home/ak47k98/PycharmProjects/ros2_v8/install/ros2_yolo_msgs/lib/python3.10/site-packages/ros2_yolo_msgs/_ros2_yolo_msgs_s.ep.rosidl_typesupport_introspection_c.c
-- Installing: /home/ak47k98/PycharmProjects/ros2_v8/install/ros2_yolo_msgs/lib/python3.10/site-packages/ros2_yolo_msgs/_ros2_yolo_msgs_s.ep.rosidl_typesupport_fastrtps_c.c
-- Installing: /home/ak47k98/PycharmProjects/ros2_v8/install/ros2_yolo_msgs/lib/python3.10/site-packages/ros2_yolo_msgs/msg
-- Installing: /home/ak47k98/PycharmProjects/ros2_v8/install/ros2_yolo_msgs/lib/python3.10/site-packages/ros2_yolo_msgs/msg/_detected_box.py
-- Installing: /home/ak47k98/PycharmProjects/ros2_v8/install/ros2_yolo_msgs/lib/python3.10/site-packages/ros2_yolo_msgs/msg/_detected_box_s.c
-- Installing: /home/ak47k98/PycharmProjects/ros2_v8/install/ros2_yolo_msgs/lib/python3.10/site-packages/ros2_yolo_msgs/msg/__init__.py
-- Installing: /home/ak47k98/PycharmProjects/ros2_v8/install/ros2_yolo_msgs/lib/python3.10/site-packages/ros2_yolo_msgs/_ros2_yolo_msgs_s.ep.rosidl_typesupport_c.c
-- Installing: /home/ak47k98/PycharmProjects/ros2_v8/install/ros2_yolo_msgs/lib/python3.10/site-packages/ros2_yolo_msgs/__init__.py
-- Installing: /home/ak47k98/PycharmProjects/ros2_v8/install/ros2_yolo_msgs/lib/python3.10/site-packages/ros2_yolo_msgs/ros2_yolo_msgs_s__rosidl_typesupport_introspection_c.cpython-310-x86_64-linux-gnu.so
Listing '/home/ak47k98/PycharmProjects/ros2_v8/install/ros2_yolo_msgs/lib/python3.10/site-packages/ros2_yolo_msgs'...
Compiling '/home/ak47k98/PycharmProjects/ros2_v8/install/ros2_yolo_msgs/lib/python3.10/site-packages/ros2_yolo_msgs/__init__.py'...
Listing '/home/ak47k98/PycharmProjects/ros2_v8/install/ros2_yolo_msgs/lib/python3.10/site-packages/ros2_yolo_msgs/msg'...
Compiling '/home/ak47k98/PycharmProjects/ros2_v8/install/ros2_yolo_msgs/lib/python3.10/site-packages/ros2_yolo_msgs/msg/__init__.py'...
Compiling '/home/ak47k98/PycharmProjects/ros2_v8/install/ros2_yolo_msgs/lib/python3.10/site-packages/ros2_yolo_msgs/msg/_detected_box.py'...
-- Installing: /home/ak47k98/PycharmProjects/ros2_v8/install/ros2_yolo_msgs/lib/python3.10/site-packages/ros2_yolo_msgs/ros2_yolo_msgs_s__rosidl_typesupport_fastrtps_c.cpython-310-x86_64-linux-gnu.so
-- Set runtime path of "/home/ak47k98/PycharmProjects/ros2_v8/install/ros2_yolo_msgs/lib/python3.10/site-packages/ros2_yolo_msgs/ros2_yolo_msgs_s__rosidl_typesupport_fastrtps_c.cpython-310-x86_64-linux-gnu.so" to ""
-- Installing: /home/ak47k98/PycharmProjects/ros2_v8/install/ros2_yolo_msgs/lib/python3.10/site-packages/ros2_yolo_msgs/ros2_yolo_msgs_s__rosidl_typesupport_introspection_c.cpython-310-x86_64-linux-gnu.so
-- Set runtime path of "/home/ak47k98/PycharmProjects/ros2_v8/install/ros2_yolo_msgs/lib/python3.10/site-packages/ros2_yolo_msgs/ros2_yolo_msgs_s__rosidl_typesupport_introspection_c.cpython-310-x86_64-linux-gnu.so" to ""
-- Installing: /home/ak47k98/PycharmProjects/ros2_v8/install/ros2_yolo_msgs/lib/python3.10/site-packages/ros2_yolo_msgs/ros2_yolo_msgs_s__rosidl_typesupport_c.cpython-310-x86_64-linux-gnu.so
-- Set runtime path of "/home/ak47k98/PycharmProjects/ros2_v8/install/ros2_yolo_msgs/lib/python3.10/site-packages/ros2_yolo_msgs/ros2_yolo_msgs_s__rosidl_typesupport_c.cpython-310-x86_64-linux-gnu.so" to ""
-- Installing: /home/ak47k98/PycharmProjects/ros2_v8/install/ros2_yolo_msgs/lib/libros2_yolo_msgs__rosidl_generator_py.so
-- Set runtime path of "/home/ak47k98/PycharmProjects/ros2_v8/install/ros2_yolo_msgs/lib/libros2_yolo_msgs__rosidl_generator_py.so" to ""
-- Installing: /home/ak47k98/PycharmProjects/ros2_v8/install/ros2_yolo_msgs/share/ros2_yolo_msgs/msg/DetectedBox.idl
-- Installing: /home/ak47k98/PycharmProjects/ros2_v8/install/ros2_yolo_msgs/share/ros2_yolo_msgs/msg/DetectedBox.msg
-- Installing: /home/ak47k98/PycharmProjects/ros2_v8/install/ros2_yolo_msgs/share/ament_index/resource_index/package_run_dependencies/ros2_yolo_msgs
-- Installing: /home/ak47k98/PycharmProjects/ros2_v8/install/ros2_yolo_msgs/share/ament_index/resource_index/parent_prefix_path/ros2_yolo_msgs
-- Installing: /home/ak47k98/PycharmProjects/ros2_v8/install/ros2_yolo_msgs/share/ros2_yolo_msgs/environment/ament_prefix_path.sh
-- Installing: /home/ak47k98/PycharmProjects/ros2_v8/install/ros2_yolo_msgs/share/ros2_yolo_msgs/environment/ament_prefix_path.dsv
-- Installing: /home/ak47k98/PycharmProjects/ros2_v8/install/ros2_yolo_msgs/share/ros2_yolo_msgs/environment/path.sh
-- Installing: /home/ak47k98/PycharmProjects/ros2_v8/install/ros2_yolo_msgs/share/ros2_yolo_msgs/environment/path.dsv
-- Installing: /home/ak47k98/PycharmProjects/ros2_v8/install/ros2_yolo_msgs/share/ros2_yolo_msgs/local_setup.bash
-- Installing: /home/ak47k98/PycharmProjects/ros2_v8/install/ros2_yolo_msgs/share/ros2_yolo_msgs/local_setup.sh
-- Installing: /home/ak47k98/PycharmProjects/ros2_v8/install/ros2_yolo_msgs/share/ros2_yolo_msgs/local_setup.zsh
-- Installing: /home/ak47k98/PycharmProjects/ros2_v8/install/ros2_yolo_msgs/share/ros2_yolo_msgs/local_setup.dsv
-- Up-to-date: /home/ak47k98/PycharmProjects/ros2_v8/install/ros2_yolo_msgs/share/ros2_yolo_msgs/package.dsv
-- Installing: /home/ak47k98/PycharmProjects/ros2_v8/install/ros2_yolo_msgs/share/ament_index/resource_index/packages/ros2_yolo_msgs
-- Installing: /home/ak47k98/PycharmProjects/ros2_v8/install/ros2_yolo_msgs/share/ros2_yolo_msgs/cmake/export_ros2_yolo_msgs__rosidl_generator_cExport.cmake
-- Installing: /home/ak47k98/PycharmProjects/ros2_v8/install/ros2_yolo_msgs/share/ros2_yolo_msgs/cmake/export_ros2_yolo_msgs__rosidl_generator_cExport-noconfig.cmake
-- Installing: /home/ak47k98/PycharmProjects/ros2_v8/install/ros2_yolo_msgs/share/ros2_yolo_msgs/cmake/export_ros2_yolo_msgs__rosidl_typesupport_fastrtps_cExport.cmake
-- Installing: /home/ak47k98/PycharmProjects/ros2_v8/install/ros2_yolo_msgs/share/ros2_yolo_msgs/cmake/export_ros2_yolo_msgs__rosidl_typesupport_fastrtps_cExport-noconfig.cmake
-- Installing: /home/ak47k98/PycharmProjects/ros2_v8/install/ros2_yolo_msgs/share/ros2_yolo_msgs/cmake/ros2_yolo_msgs__rosidl_typesupport_introspection_cExport.cmake
-- Installing: /home/ak47k98/PycharmProjects/ros2_v8/install/ros2_yolo_msgs/share/ros2_yolo_msgs/cmake/ros2_yolo_msgs__rosidl_typesupport_introspection_cExport-noconfig.cmake
-- Installing: /home/ak47k98/PycharmProjects/ros2_v8/install/ros2_yolo_msgs/share/ros2_yolo_msgs/cmake/ros2_yolo_msgs__rosidl_typesupport_cExport.cmake
-- Installing: /home/ak47k98/PycharmProjects/ros2_v8/install/ros2_yolo_msgs/share/ros2_yolo_msgs/cmake/ros2_yolo_msgs__rosidl_typesupport_cExport-noconfig.cmake
-- Installing: /home/ak47k98/PycharmProjects/ros2_v8/install/ros2_yolo_msgs/share/ros2_yolo_msgs/cmake/export_ros2_yolo_msgs__rosidl_generator_cppExport.cmake
-- Installing: /home/ak47k98/PycharmProjects/ros2_v8/install/ros2_yolo_msgs/share/ros2_yolo_msgs/cmake/export_ros2_yolo_msgs__rosidl_typesupport_fastrtps_cppExport.cmake
-- Installing: /home/ak47k98/PycharmProjects/ros2_v8/install/ros2_yolo_msgs/share/ros2_yolo_msgs/cmake/export_ros2_yolo_msgs__rosidl_typesupport_fastrtps_cppExport-noconfig.cmake
-- Installing: /home/ak47k98/PycharmProjects/ros2_v8/install/ros2_yolo_msgs/share/ros2_yolo_msgs/cmake/ros2_yolo_msgs__rosidl_typesupport_introspection_cppExport.cmake
-- Installing: /home/ak47k98/PycharmProjects/ros2_v8/install/ros2_yolo_msgs/share/ros2_yolo_msgs/cmake/ros2_yolo_msgs__rosidl_typesupport_introspection_cppExport-noconfig.cmake
-- Installing: /home/ak47k98/PycharmProjects/ros2_v8/install/ros2_yolo_msgs/share/ros2_yolo_msgs/cmake/ros2_yolo_msgs__rosidl_typesupport_cppExport.cmake
-- Installing: /home/ak47k98/PycharmProjects/ros2_v8/install/ros2_yolo_msgs/share/ros2_yolo_msgs/cmake/ros2_yolo_msgs__rosidl_typesupport_cppExport-noconfig.cmake
-- Installing: /home/ak47k98/PycharmProjects/ros2_v8/install/ros2_yolo_msgs/share/ros2_yolo_msgs/cmake/export_ros2_yolo_msgs__rosidl_generator_pyExport.cmake
-- Installing: /home/ak47k98/PycharmProjects/ros2_v8/install/ros2_yolo_msgs/share/ros2_yolo_msgs/cmake/export_ros2_yolo_msgs__rosidl_generator_pyExport-noconfig.cmake
-- Installing: /home/ak47k98/PycharmProjects/ros2_v8/install/ros2_yolo_msgs/share/ros2_yolo_msgs/cmake/rosidl_cmake-extras.cmake
-- Installing: /home/ak47k98/PycharmProjects/ros2_v8/install/ros2_yolo_msgs/share/ros2_yolo_msgs/cmake/ament_cmake_export_dependencies-extras.cmake
-- Installing: /home/ak47k98/PycharmProjects/ros2_v8/install/ros2_yolo_msgs/share/ros2_yolo_msgs/cmake/ament_cmake_export_include_directories-extras.cmake
-- Installing: /home/ak47k98/PycharmProjects/ros2_v8/install/ros2_yolo_msgs/share/ros2_yolo_msgs/cmake/ament_cmake_export_libraries-extras.cmake
-- Installing: /home/ak47k98/PycharmProjects/ros2_v8/install/ros2_yolo_msgs/share/ros2_yolo_msgs/cmake/ament_cmake_export_targets-extras.cmake
-- Installing: /home/ak47k98/PycharmProjects/ros2_v8/install/ros2_yolo_msgs/share/ros2_yolo_msgs/cmake/rosidl_cmake_export_typesupport_targets-extras.cmake
-- Installing: /home/ak47k98/PycharmProjects/ros2_v8/install/ros2_yolo_msgs/share/ros2_yolo_msgs/cmake/rosidl_cmake_export_typesupport_libraries-extras.cmake
-- Installing: /home/ak47k98/PycharmProjects/ros2_v8/install/ros2_yolo_msgs/share/ros2_yolo_msgs/cmake/ros2_yolo_msgsConfig.cmake
-- Installing: /home/ak47k98/PycharmProjects/ros2_v8/install/ros2_yolo_msgs/share/ros2_yolo_msgs/cmake/ros2_yolo_msgsConfig-version.cmake
-- Installing: /home/ak47k98/PycharmProjects/ros2_v8/install/ros2_yolo_msgs/share/ros2_yolo_msgs/package.xml
