running egg_info
writing ../../build/ros_yolo/ros_yolo.egg-info/PKG-INFO
writing dependency_links to ../../build/ros_yolo/ros_yolo.egg-info/dependency_links.txt
writing entry points to ../../build/ros_yolo/ros_yolo.egg-info/entry_points.txt
writing requirements to ../../build/ros_yolo/ros_yolo.egg-info/requires.txt
writing top-level names to ../../build/ros_yolo/ros_yolo.egg-info/top_level.txt
reading manifest file '../../build/ros_yolo/ros_yolo.egg-info/SOURCES.txt'
adding license file 'LICENSE'
writing manifest file '../../build/ros_yolo/ros_yolo.egg-info/SOURCES.txt'
running build
running build_py
copying ros_yolo/detect_text.py -> /home/ak47k98/PycharmProjects/ros2_v8/build/ros_yolo/build/lib/ros_yolo
running install
running install_lib
copying /home/ak47k98/PycharmProjects/ros2_v8/build/ros_yolo/build/lib/ros_yolo/detect_text.py -> /home/ak47k98/PycharmProjects/ros2_v8/install/ros_yolo/lib/python3.10/site-packages/ros_yolo
byte-compiling /home/ak47k98/PycharmProjects/ros2_v8/install/ros_yolo/lib/python3.10/site-packages/ros_yolo/detect_text.py to detect_text.cpython-310.pyc
running install_data
copying package.xml -> /home/ak47k98/PycharmProjects/ros2_v8/install/ros_yolo/share/ros_yolo
running install_egg_info
removing '/home/ak47k98/PycharmProjects/ros2_v8/install/ros_yolo/lib/python3.10/site-packages/ros_yolo-0.0.0-py3.10.egg-info' (and everything under it)
Copying ../../build/ros_yolo/ros_yolo.egg-info to /home/ak47k98/PycharmProjects/ros2_v8/install/ros_yolo/lib/python3.10/site-packages/ros_yolo-0.0.0-py3.10.egg-info
running install_scripts
Installing capturer script to /home/ak47k98/PycharmProjects/ros2_v8/install/ros_yolo/lib/ros_yolo
Installing detector script to /home/ak47k98/PycharmProjects/ros2_v8/install/ros_yolo/lib/ros_yolo
Installing detector1 script to /home/ak47k98/PycharmProjects/ros2_v8/install/ros_yolo/lib/ros_yolo
Installing detector_text script to /home/ak47k98/PycharmProjects/ros2_v8/install/ros_yolo/lib/ros_yolo
Installing nub script to /home/ak47k98/PycharmProjects/ros2_v8/install/ros_yolo/lib/ros_yolo
Installing pub script to /home/ak47k98/PycharmProjects/ros2_v8/install/ros_yolo/lib/ros_yolo
writing list of installed files to '/home/ak47k98/PycharmProjects/ros2_v8/build/ros_yolo/install.log'
