running egg_info
creating ../../build/ros_yolo/ros_yolo.egg-info
writing ../../build/ros_yolo/ros_yolo.egg-info/PKG-INFO
writing dependency_links to ../../build/ros_yolo/ros_yolo.egg-info/dependency_links.txt
writing entry points to ../../build/ros_yolo/ros_yolo.egg-info/entry_points.txt
writing requirements to ../../build/ros_yolo/ros_yolo.egg-info/requires.txt
writing top-level names to ../../build/ros_yolo/ros_yolo.egg-info/top_level.txt
writing manifest file '../../build/ros_yolo/ros_yolo.egg-info/SOURCES.txt'
reading manifest file '../../build/ros_yolo/ros_yolo.egg-info/SOURCES.txt'
adding license file 'LICENSE'
writing manifest file '../../build/ros_yolo/ros_yolo.egg-info/SOURCES.txt'
running build
running build_py
creating /home/ak47k98/PycharmProjects/ros2_v8/build/ros_yolo/build
creating /home/ak47k98/PycharmProjects/ros2_v8/build/ros_yolo/build/lib
creating /home/ak47k98/PycharmProjects/ros2_v8/build/ros_yolo/build/lib/ros_yolo
copying ros_yolo/target_detect_function.py -> /home/ak47k98/PycharmProjects/ros2_v8/build/ros_yolo/build/lib/ros_yolo
copying ros_yolo/__init__.py -> /home/ak47k98/PycharmProjects/ros2_v8/build/ros_yolo/build/lib/ros_yolo
copying ros_yolo/camera_capture_function.py -> /home/ak47k98/PycharmProjects/ros2_v8/build/ros_yolo/build/lib/ros_yolo
copying ros_yolo/detect.py -> /home/ak47k98/PycharmProjects/ros2_v8/build/ros_yolo/build/lib/ros_yolo
running install
running install_lib
creating /home/ak47k98/PycharmProjects/ros2_v8/install/ros_yolo/lib/python3.10/site-packages/ros_yolo
copying /home/ak47k98/PycharmProjects/ros2_v8/build/ros_yolo/build/lib/ros_yolo/target_detect_function.py -> /home/ak47k98/PycharmProjects/ros2_v8/install/ros_yolo/lib/python3.10/site-packages/ros_yolo
copying /home/ak47k98/PycharmProjects/ros2_v8/build/ros_yolo/build/lib/ros_yolo/__init__.py -> /home/ak47k98/PycharmProjects/ros2_v8/install/ros_yolo/lib/python3.10/site-packages/ros_yolo
copying /home/ak47k98/PycharmProjects/ros2_v8/build/ros_yolo/build/lib/ros_yolo/camera_capture_function.py -> /home/ak47k98/PycharmProjects/ros2_v8/install/ros_yolo/lib/python3.10/site-packages/ros_yolo
copying /home/ak47k98/PycharmProjects/ros2_v8/build/ros_yolo/build/lib/ros_yolo/detect.py -> /home/ak47k98/PycharmProjects/ros2_v8/install/ros_yolo/lib/python3.10/site-packages/ros_yolo
byte-compiling /home/ak47k98/PycharmProjects/ros2_v8/install/ros_yolo/lib/python3.10/site-packages/ros_yolo/target_detect_function.py to target_detect_function.cpython-310.pyc
byte-compiling /home/ak47k98/PycharmProjects/ros2_v8/install/ros_yolo/lib/python3.10/site-packages/ros_yolo/__init__.py to __init__.cpython-310.pyc
byte-compiling /home/ak47k98/PycharmProjects/ros2_v8/install/ros_yolo/lib/python3.10/site-packages/ros_yolo/camera_capture_function.py to camera_capture_function.cpython-310.pyc
byte-compiling /home/ak47k98/PycharmProjects/ros2_v8/install/ros_yolo/lib/python3.10/site-packages/ros_yolo/detect.py to detect.cpython-310.pyc
running install_data
creating /home/ak47k98/PycharmProjects/ros2_v8/install/ros_yolo/share/ament_index
creating /home/ak47k98/PycharmProjects/ros2_v8/install/ros_yolo/share/ament_index/resource_index
creating /home/ak47k98/PycharmProjects/ros2_v8/install/ros_yolo/share/ament_index/resource_index/packages
copying resource/ros_yolo -> /home/ak47k98/PycharmProjects/ros2_v8/install/ros_yolo/share/ament_index/resource_index/packages
copying package.xml -> /home/ak47k98/PycharmProjects/ros2_v8/install/ros_yolo/share/ros_yolo
running install_egg_info
Copying ../../build/ros_yolo/ros_yolo.egg-info to /home/ak47k98/PycharmProjects/ros2_v8/install/ros_yolo/lib/python3.10/site-packages/ros_yolo-0.0.0-py3.10.egg-info
running install_scripts
Installing capturer script to /home/ak47k98/PycharmProjects/ros2_v8/install/ros_yolo/lib/ros_yolo
Installing detector script to /home/ak47k98/PycharmProjects/ros2_v8/install/ros_yolo/lib/ros_yolo
Installing detector1 script to /home/ak47k98/PycharmProjects/ros2_v8/install/ros_yolo/lib/ros_yolo
writing list of installed files to '/home/ak47k98/PycharmProjects/ros2_v8/build/ros_yolo/install.log'
