[0.316s] Invoking command in '/home/ak47k98/PycharmProjects/ros2_v8/src/ros2-yolov8': CONDA_PROMPT_MODIFIER=(yolov8_10) PYTHONPATH=/home/ak47k98/PycharmProjects/ros2_v8/build/ros_yolo/prefix_override:/home/ak47k98/PycharmProjects/ros2_v8/install/ros_yolo/lib/python3.10/site-packages:${PYTHONPATH} /usr/bin/python3 -W ignore:setup.py install is deprecated setup.py egg_info --egg-base ../../build/ros_yolo build --build-base /home/ak47k98/PycharmProjects/ros2_v8/build/ros_yolo/build install --record /home/ak47k98/PycharmProjects/ros2_v8/build/ros_yolo/install.log --single-version-externally-managed install_data
[0.433s] running egg_info
[0.434s] creating ../../build/ros_yolo/ros_yolo.egg-info
[0.434s] writing ../../build/ros_yolo/ros_yolo.egg-info/PKG-INFO
[0.434s] writing dependency_links to ../../build/ros_yolo/ros_yolo.egg-info/dependency_links.txt
[0.434s] writing entry points to ../../build/ros_yolo/ros_yolo.egg-info/entry_points.txt
[0.434s] writing requirements to ../../build/ros_yolo/ros_yolo.egg-info/requires.txt
[0.434s] writing top-level names to ../../build/ros_yolo/ros_yolo.egg-info/top_level.txt
[0.434s] writing manifest file '../../build/ros_yolo/ros_yolo.egg-info/SOURCES.txt'
[0.435s] reading manifest file '../../build/ros_yolo/ros_yolo.egg-info/SOURCES.txt'
[0.435s] adding license file 'LICENSE'
[0.436s] writing manifest file '../../build/ros_yolo/ros_yolo.egg-info/SOURCES.txt'
[0.436s] running build
[0.436s] running build_py
[0.436s] creating /home/ak47k98/PycharmProjects/ros2_v8/build/ros_yolo/build
[0.436s] creating /home/ak47k98/PycharmProjects/ros2_v8/build/ros_yolo/build/lib
[0.436s] creating /home/ak47k98/PycharmProjects/ros2_v8/build/ros_yolo/build/lib/ros_yolo
[0.436s] copying ros_yolo/target_detect_function.py -> /home/ak47k98/PycharmProjects/ros2_v8/build/ros_yolo/build/lib/ros_yolo
[0.436s] copying ros_yolo/__init__.py -> /home/ak47k98/PycharmProjects/ros2_v8/build/ros_yolo/build/lib/ros_yolo
[0.436s] copying ros_yolo/camera_capture_function.py -> /home/ak47k98/PycharmProjects/ros2_v8/build/ros_yolo/build/lib/ros_yolo
[0.436s] copying ros_yolo/detect.py -> /home/ak47k98/PycharmProjects/ros2_v8/build/ros_yolo/build/lib/ros_yolo
[0.436s] running install
[0.436s] running install_lib
[0.436s] creating /home/ak47k98/PycharmProjects/ros2_v8/install/ros_yolo/lib/python3.10/site-packages/ros_yolo
[0.436s] copying /home/ak47k98/PycharmProjects/ros2_v8/build/ros_yolo/build/lib/ros_yolo/target_detect_function.py -> /home/ak47k98/PycharmProjects/ros2_v8/install/ros_yolo/lib/python3.10/site-packages/ros_yolo
[0.436s] copying /home/ak47k98/PycharmProjects/ros2_v8/build/ros_yolo/build/lib/ros_yolo/__init__.py -> /home/ak47k98/PycharmProjects/ros2_v8/install/ros_yolo/lib/python3.10/site-packages/ros_yolo
[0.436s] copying /home/ak47k98/PycharmProjects/ros2_v8/build/ros_yolo/build/lib/ros_yolo/camera_capture_function.py -> /home/ak47k98/PycharmProjects/ros2_v8/install/ros_yolo/lib/python3.10/site-packages/ros_yolo
[0.436s] copying /home/ak47k98/PycharmProjects/ros2_v8/build/ros_yolo/build/lib/ros_yolo/detect.py -> /home/ak47k98/PycharmProjects/ros2_v8/install/ros_yolo/lib/python3.10/site-packages/ros_yolo
[0.436s] byte-compiling /home/ak47k98/PycharmProjects/ros2_v8/install/ros_yolo/lib/python3.10/site-packages/ros_yolo/target_detect_function.py to target_detect_function.cpython-310.pyc
[0.437s] byte-compiling /home/ak47k98/PycharmProjects/ros2_v8/install/ros_yolo/lib/python3.10/site-packages/ros_yolo/__init__.py to __init__.cpython-310.pyc
[0.437s] byte-compiling /home/ak47k98/PycharmProjects/ros2_v8/install/ros_yolo/lib/python3.10/site-packages/ros_yolo/camera_capture_function.py to camera_capture_function.cpython-310.pyc
[0.437s] byte-compiling /home/ak47k98/PycharmProjects/ros2_v8/install/ros_yolo/lib/python3.10/site-packages/ros_yolo/detect.py to detect.cpython-310.pyc
[0.438s] running install_data
[0.438s] creating /home/ak47k98/PycharmProjects/ros2_v8/install/ros_yolo/share/ament_index
[0.438s] creating /home/ak47k98/PycharmProjects/ros2_v8/install/ros_yolo/share/ament_index/resource_index
[0.438s] creating /home/ak47k98/PycharmProjects/ros2_v8/install/ros_yolo/share/ament_index/resource_index/packages
[0.438s] copying resource/ros_yolo -> /home/ak47k98/PycharmProjects/ros2_v8/install/ros_yolo/share/ament_index/resource_index/packages
[0.438s] copying package.xml -> /home/ak47k98/PycharmProjects/ros2_v8/install/ros_yolo/share/ros_yolo
[0.438s] running install_egg_info
[0.439s] Copying ../../build/ros_yolo/ros_yolo.egg-info to /home/ak47k98/PycharmProjects/ros2_v8/install/ros_yolo/lib/python3.10/site-packages/ros_yolo-0.0.0-py3.10.egg-info
[0.439s] running install_scripts
[0.452s] Installing capturer script to /home/ak47k98/PycharmProjects/ros2_v8/install/ros_yolo/lib/ros_yolo
[0.452s] Installing detector script to /home/ak47k98/PycharmProjects/ros2_v8/install/ros_yolo/lib/ros_yolo
[0.452s] Installing detector1 script to /home/ak47k98/PycharmProjects/ros2_v8/install/ros_yolo/lib/ros_yolo
[0.452s] writing list of installed files to '/home/ak47k98/PycharmProjects/ros2_v8/build/ros_yolo/install.log'
[0.467s] Invoked command in '/home/ak47k98/PycharmProjects/ros2_v8/src/ros2-yolov8' returned '0': CONDA_PROMPT_MODIFIER=(yolov8_10) PYTHONPATH=/home/ak47k98/PycharmProjects/ros2_v8/build/ros_yolo/prefix_override:/home/ak47k98/PycharmProjects/ros2_v8/install/ros_yolo/lib/python3.10/site-packages:${PYTHONPATH} /usr/bin/python3 -W ignore:setup.py install is deprecated setup.py egg_info --egg-base ../../build/ros_yolo build --build-base /home/ak47k98/PycharmProjects/ros2_v8/build/ros_yolo/build install --record /home/ak47k98/PycharmProjects/ros2_v8/build/ros_yolo/install.log --single-version-externally-managed install_data
