[0.710s] Invoking command in '/home/ak47k98/PycharmProjects/ros2_v8/src/ros-yolov8': CONDA_PROMPT_MODIFIER=(yolov8_10) PYTHONPATH=/home/ak47k98/PycharmProjects/ros2_v8/build/ros_yolo/prefix_override:/home/ak47k98/PycharmProjects/ros2_v8/install/ros_yolo/lib/python3.10/site-packages:${PYTHONPATH} /usr/bin/python3 -W ignore:setup.py install is deprecated setup.py egg_info --egg-base ../../build/ros_yolo build --build-base /home/ak47k98/PycharmProjects/ros2_v8/build/ros_yolo/build install --record /home/ak47k98/PycharmProjects/ros2_v8/build/ros_yolo/install.log --single-version-externally-managed install_data
[0.964s] running egg_info
[0.965s] creating ../../build/ros_yolo/ros_yolo.egg-info
[0.965s] writing ../../build/ros_yolo/ros_yolo.egg-info/PKG-INFO
[0.965s] writing dependency_links to ../../build/ros_yolo/ros_yolo.egg-info/dependency_links.txt
[0.966s] writing entry points to ../../build/ros_yolo/ros_yolo.egg-info/entry_points.txt
[0.966s] writing requirements to ../../build/ros_yolo/ros_yolo.egg-info/requires.txt
[0.966s] writing top-level names to ../../build/ros_yolo/ros_yolo.egg-info/top_level.txt
[0.966s] writing manifest file '../../build/ros_yolo/ros_yolo.egg-info/SOURCES.txt'
[0.969s] reading manifest file '../../build/ros_yolo/ros_yolo.egg-info/SOURCES.txt'
[0.969s] adding license file 'LICENSE'
[0.969s] writing manifest file '../../build/ros_yolo/ros_yolo.egg-info/SOURCES.txt'
[0.969s] running build
[0.969s] running build_py
[0.969s] creating /home/ak47k98/PycharmProjects/ros2_v8/build/ros_yolo/build
[0.970s] creating /home/ak47k98/PycharmProjects/ros2_v8/build/ros_yolo/build/lib
[0.970s] creating /home/ak47k98/PycharmProjects/ros2_v8/build/ros_yolo/build/lib/ros_yolo
[0.970s] copying ros_yolo/number.py -> /home/ak47k98/PycharmProjects/ros2_v8/build/ros_yolo/build/lib/ros_yolo
[0.970s] copying ros_yolo/target_detect_function.py -> /home/ak47k98/PycharmProjects/ros2_v8/build/ros_yolo/build/lib/ros_yolo
[0.970s] copying ros_yolo/pub_id.py -> /home/ak47k98/PycharmProjects/ros2_v8/build/ros_yolo/build/lib/ros_yolo
[0.970s] copying ros_yolo/text_pub.py -> /home/ak47k98/PycharmProjects/ros2_v8/build/ros_yolo/build/lib/ros_yolo
[0.970s] copying ros_yolo/record.py -> /home/ak47k98/PycharmProjects/ros2_v8/build/ros_yolo/build/lib/ros_yolo
[0.970s] copying ros_yolo/__init__.py -> /home/ak47k98/PycharmProjects/ros2_v8/build/ros_yolo/build/lib/ros_yolo
[0.970s] copying ros_yolo/camera_capture_function.py -> /home/ak47k98/PycharmProjects/ros2_v8/build/ros_yolo/build/lib/ros_yolo
[0.970s] copying ros_yolo/detect_text.py -> /home/ak47k98/PycharmProjects/ros2_v8/build/ros_yolo/build/lib/ros_yolo
[0.970s] copying ros_yolo/save.py -> /home/ak47k98/PycharmProjects/ros2_v8/build/ros_yolo/build/lib/ros_yolo
[0.970s] copying ros_yolo/detect.py -> /home/ak47k98/PycharmProjects/ros2_v8/build/ros_yolo/build/lib/ros_yolo
[0.970s] running install
[0.971s] running install_lib
[0.972s] creating /home/ak47k98/PycharmProjects/ros2_v8/install/ros_yolo/lib/python3.10/site-packages/ros_yolo
[0.972s] copying /home/ak47k98/PycharmProjects/ros2_v8/build/ros_yolo/build/lib/ros_yolo/number.py -> /home/ak47k98/PycharmProjects/ros2_v8/install/ros_yolo/lib/python3.10/site-packages/ros_yolo
[0.972s] copying /home/ak47k98/PycharmProjects/ros2_v8/build/ros_yolo/build/lib/ros_yolo/target_detect_function.py -> /home/ak47k98/PycharmProjects/ros2_v8/install/ros_yolo/lib/python3.10/site-packages/ros_yolo
[0.972s] copying /home/ak47k98/PycharmProjects/ros2_v8/build/ros_yolo/build/lib/ros_yolo/pub_id.py -> /home/ak47k98/PycharmProjects/ros2_v8/install/ros_yolo/lib/python3.10/site-packages/ros_yolo
[0.972s] copying /home/ak47k98/PycharmProjects/ros2_v8/build/ros_yolo/build/lib/ros_yolo/text_pub.py -> /home/ak47k98/PycharmProjects/ros2_v8/install/ros_yolo/lib/python3.10/site-packages/ros_yolo
[0.972s] copying /home/ak47k98/PycharmProjects/ros2_v8/build/ros_yolo/build/lib/ros_yolo/record.py -> /home/ak47k98/PycharmProjects/ros2_v8/install/ros_yolo/lib/python3.10/site-packages/ros_yolo
[0.972s] copying /home/ak47k98/PycharmProjects/ros2_v8/build/ros_yolo/build/lib/ros_yolo/__init__.py -> /home/ak47k98/PycharmProjects/ros2_v8/install/ros_yolo/lib/python3.10/site-packages/ros_yolo
[0.972s] copying /home/ak47k98/PycharmProjects/ros2_v8/build/ros_yolo/build/lib/ros_yolo/camera_capture_function.py -> /home/ak47k98/PycharmProjects/ros2_v8/install/ros_yolo/lib/python3.10/site-packages/ros_yolo
[0.972s] copying /home/ak47k98/PycharmProjects/ros2_v8/build/ros_yolo/build/lib/ros_yolo/detect_text.py -> /home/ak47k98/PycharmProjects/ros2_v8/install/ros_yolo/lib/python3.10/site-packages/ros_yolo
[0.972s] copying /home/ak47k98/PycharmProjects/ros2_v8/build/ros_yolo/build/lib/ros_yolo/save.py -> /home/ak47k98/PycharmProjects/ros2_v8/install/ros_yolo/lib/python3.10/site-packages/ros_yolo
[0.972s] copying /home/ak47k98/PycharmProjects/ros2_v8/build/ros_yolo/build/lib/ros_yolo/detect.py -> /home/ak47k98/PycharmProjects/ros2_v8/install/ros_yolo/lib/python3.10/site-packages/ros_yolo
[0.973s] byte-compiling /home/ak47k98/PycharmProjects/ros2_v8/install/ros_yolo/lib/python3.10/site-packages/ros_yolo/number.py to number.cpython-310.pyc
[0.973s] byte-compiling /home/ak47k98/PycharmProjects/ros2_v8/install/ros_yolo/lib/python3.10/site-packages/ros_yolo/target_detect_function.py to target_detect_function.cpython-310.pyc
[0.974s] byte-compiling /home/ak47k98/PycharmProjects/ros2_v8/install/ros_yolo/lib/python3.10/site-packages/ros_yolo/pub_id.py to pub_id.cpython-310.pyc
[0.974s] byte-compiling /home/ak47k98/PycharmProjects/ros2_v8/install/ros_yolo/lib/python3.10/site-packages/ros_yolo/text_pub.py to text_pub.cpython-310.pyc
[0.974s] byte-compiling /home/ak47k98/PycharmProjects/ros2_v8/install/ros_yolo/lib/python3.10/site-packages/ros_yolo/record.py to record.cpython-310.pyc
[0.975s] byte-compiling /home/ak47k98/PycharmProjects/ros2_v8/install/ros_yolo/lib/python3.10/site-packages/ros_yolo/__init__.py to __init__.cpython-310.pyc
[0.975s] byte-compiling /home/ak47k98/PycharmProjects/ros2_v8/install/ros_yolo/lib/python3.10/site-packages/ros_yolo/camera_capture_function.py to camera_capture_function.cpython-310.pyc
[0.976s] byte-compiling /home/ak47k98/PycharmProjects/ros2_v8/install/ros_yolo/lib/python3.10/site-packages/ros_yolo/detect_text.py to detect_text.cpython-310.pyc
[0.977s] byte-compiling /home/ak47k98/PycharmProjects/ros2_v8/install/ros_yolo/lib/python3.10/site-packages/ros_yolo/save.py to save.cpython-310.pyc
[0.978s] byte-compiling /home/ak47k98/PycharmProjects/ros2_v8/install/ros_yolo/lib/python3.10/site-packages/ros_yolo/detect.py to detect.cpython-310.pyc
[0.980s] running install_data
[0.980s] creating /home/ak47k98/PycharmProjects/ros2_v8/install/ros_yolo/share/ament_index
[0.980s] creating /home/ak47k98/PycharmProjects/ros2_v8/install/ros_yolo/share/ament_index/resource_index
[0.980s] creating /home/ak47k98/PycharmProjects/ros2_v8/install/ros_yolo/share/ament_index/resource_index/packages
[0.980s] copying resource/ros_yolo -> /home/ak47k98/PycharmProjects/ros2_v8/install/ros_yolo/share/ament_index/resource_index/packages
[0.980s] copying package.xml -> /home/ak47k98/PycharmProjects/ros2_v8/install/ros_yolo/share/ros_yolo
[0.980s] running install_egg_info
[0.982s] Copying ../../build/ros_yolo/ros_yolo.egg-info to /home/ak47k98/PycharmProjects/ros2_v8/install/ros_yolo/lib/python3.10/site-packages/ros_yolo-0.0.0-py3.10.egg-info
[0.982s] running install_scripts
[1.005s] Installing capturer script to /home/ak47k98/PycharmProjects/ros2_v8/install/ros_yolo/lib/ros_yolo
[1.005s] Installing detector script to /home/ak47k98/PycharmProjects/ros2_v8/install/ros_yolo/lib/ros_yolo
[1.005s] Installing detector1 script to /home/ak47k98/PycharmProjects/ros2_v8/install/ros_yolo/lib/ros_yolo
[1.005s] Installing detector_text script to /home/ak47k98/PycharmProjects/ros2_v8/install/ros_yolo/lib/ros_yolo
[1.005s] Installing nub script to /home/ak47k98/PycharmProjects/ros2_v8/install/ros_yolo/lib/ros_yolo
[1.005s] Installing pub script to /home/ak47k98/PycharmProjects/ros2_v8/install/ros_yolo/lib/ros_yolo
[1.005s] Installing record script to /home/ak47k98/PycharmProjects/ros2_v8/install/ros_yolo/lib/ros_yolo
[1.005s] Installing save script to /home/ak47k98/PycharmProjects/ros2_v8/install/ros_yolo/lib/ros_yolo
[1.005s] Installing text_pub script to /home/ak47k98/PycharmProjects/ros2_v8/install/ros_yolo/lib/ros_yolo
[1.005s] writing list of installed files to '/home/ak47k98/PycharmProjects/ros2_v8/build/ros_yolo/install.log'
[1.028s] Invoked command in '/home/ak47k98/PycharmProjects/ros2_v8/src/ros-yolov8' returned '0': CONDA_PROMPT_MODIFIER=(yolov8_10) PYTHONPATH=/home/ak47k98/PycharmProjects/ros2_v8/build/ros_yolo/prefix_override:/home/ak47k98/PycharmProjects/ros2_v8/install/ros_yolo/lib/python3.10/site-packages:${PYTHONPATH} /usr/bin/python3 -W ignore:setup.py install is deprecated setup.py egg_info --egg-base ../../build/ros_yolo build --build-base /home/ak47k98/PycharmProjects/ros2_v8/build/ros_yolo/build install --record /home/ak47k98/PycharmProjects/ros2_v8/build/ros_yolo/install.log --single-version-externally-managed install_data
